[2022-11-13T00:53:44.016+0000] {processor.py:154} INFO - Started process (PID=179) to work on /opt/airflow/dags/dag_with_task_flow_api.py
[2022-11-13T00:53:44.017+0000] {processor.py:756} INFO - Processing file /opt/airflow/dags/dag_with_task_flow_api.py for tasks to queue
[2022-11-13T00:53:44.019+0000] {logging_mixin.py:120} INFO - [2022-11-13T00:53:44.019+0000] {dagbag.py:537} INFO - Filling up the DagBag from /opt/airflow/dags/dag_with_task_flow_api.py
[2022-11-13T00:53:44.055+0000] {logging_mixin.py:120} WARNING - /home/airflow/.local/lib/python3.7/site-packages/airflow/models/dag.py:3437 RemovedInAirflow3Warning: Param `schedule_interval` is deprecated and will be removed in a future release. Please use `schedule` instead.
[2022-11-13T00:53:44.061+0000] {logging_mixin.py:120} INFO - [2022-11-13T00:53:44.060+0000] {taskmixin.py:205} WARNING - Dependency <Task(_PythonDecoratedOperator): get_name>, greet already registered for DAG: dag_with_taskflow_api_v1
[2022-11-13T00:53:44.061+0000] {logging_mixin.py:120} INFO - [2022-11-13T00:53:44.061+0000] {taskmixin.py:205} WARNING - Dependency <Task(_PythonDecoratedOperator): greet>, get_name already registered for DAG: dag_with_taskflow_api_v1
[2022-11-13T00:53:44.068+0000] {processor.py:766} INFO - DAG(s) dict_keys(['dag_with_taskflow_api_v1']) retrieved from /opt/airflow/dags/dag_with_task_flow_api.py
[2022-11-13T00:53:44.185+0000] {logging_mixin.py:120} INFO - [2022-11-13T00:53:44.185+0000] {manager.py:507} INFO - Created Permission View: can delete on DAG:dag_with_taskflow_api_v1
[2022-11-13T00:53:44.195+0000] {logging_mixin.py:120} INFO - [2022-11-13T00:53:44.194+0000] {manager.py:507} INFO - Created Permission View: can read on DAG:dag_with_taskflow_api_v1
[2022-11-13T00:53:44.202+0000] {logging_mixin.py:120} INFO - [2022-11-13T00:53:44.202+0000] {manager.py:507} INFO - Created Permission View: can edit on DAG:dag_with_taskflow_api_v1
[2022-11-13T00:53:44.203+0000] {logging_mixin.py:120} INFO - [2022-11-13T00:53:44.203+0000] {dag.py:2585} INFO - Sync 1 DAGs
[2022-11-13T00:53:44.218+0000] {logging_mixin.py:120} INFO - [2022-11-13T00:53:44.218+0000] {dag.py:2606} INFO - Creating ORM DAG for dag_with_taskflow_api_v1
[2022-11-13T00:53:44.230+0000] {logging_mixin.py:120} INFO - [2022-11-13T00:53:44.230+0000] {dag.py:3340} INFO - Setting next_dagrun for dag_with_taskflow_api_v1 to 2022-11-08T00:00:00+00:00, run_after=2022-11-09T00:00:00+00:00
[2022-11-13T00:53:44.245+0000] {processor.py:176} INFO - Processing /opt/airflow/dags/dag_with_task_flow_api.py took 0.233 seconds
[2022-11-13T00:54:14.313+0000] {processor.py:154} INFO - Started process (PID=224) to work on /opt/airflow/dags/dag_with_task_flow_api.py
[2022-11-13T00:54:14.315+0000] {processor.py:756} INFO - Processing file /opt/airflow/dags/dag_with_task_flow_api.py for tasks to queue
[2022-11-13T00:54:14.316+0000] {logging_mixin.py:120} INFO - [2022-11-13T00:54:14.316+0000] {dagbag.py:537} INFO - Filling up the DagBag from /opt/airflow/dags/dag_with_task_flow_api.py
[2022-11-13T00:54:14.342+0000] {logging_mixin.py:120} WARNING - /home/airflow/.local/lib/python3.7/site-packages/airflow/models/dag.py:3437 RemovedInAirflow3Warning: Param `schedule_interval` is deprecated and will be removed in a future release. Please use `schedule` instead.
[2022-11-13T00:54:14.348+0000] {logging_mixin.py:120} INFO - [2022-11-13T00:54:14.348+0000] {taskmixin.py:205} WARNING - Dependency <Task(_PythonDecoratedOperator): get_name>, greet already registered for DAG: dag_with_taskflow_api_v1
[2022-11-13T00:54:14.348+0000] {logging_mixin.py:120} INFO - [2022-11-13T00:54:14.348+0000] {taskmixin.py:205} WARNING - Dependency <Task(_PythonDecoratedOperator): greet>, get_name already registered for DAG: dag_with_taskflow_api_v1
[2022-11-13T00:54:14.355+0000] {processor.py:766} INFO - DAG(s) dict_keys(['dag_with_taskflow_api_v1']) retrieved from /opt/airflow/dags/dag_with_task_flow_api.py
[2022-11-13T00:54:14.391+0000] {logging_mixin.py:120} INFO - [2022-11-13T00:54:14.391+0000] {dag.py:2585} INFO - Sync 1 DAGs
[2022-11-13T00:54:14.417+0000] {logging_mixin.py:120} INFO - [2022-11-13T00:54:14.417+0000] {dag.py:3340} INFO - Setting next_dagrun for dag_with_taskflow_api_v1 to 2022-11-08T00:00:00+00:00, run_after=2022-11-09T00:00:00+00:00
[2022-11-13T00:54:14.434+0000] {processor.py:176} INFO - Processing /opt/airflow/dags/dag_with_task_flow_api.py took 0.124 seconds
[2022-11-13T00:54:44.635+0000] {processor.py:154} INFO - Started process (PID=269) to work on /opt/airflow/dags/dag_with_task_flow_api.py
[2022-11-13T00:54:44.637+0000] {processor.py:756} INFO - Processing file /opt/airflow/dags/dag_with_task_flow_api.py for tasks to queue
[2022-11-13T00:54:44.638+0000] {logging_mixin.py:120} INFO - [2022-11-13T00:54:44.638+0000] {dagbag.py:537} INFO - Filling up the DagBag from /opt/airflow/dags/dag_with_task_flow_api.py
[2022-11-13T00:54:44.661+0000] {logging_mixin.py:120} WARNING - /home/airflow/.local/lib/python3.7/site-packages/airflow/models/dag.py:3437 RemovedInAirflow3Warning: Param `schedule_interval` is deprecated and will be removed in a future release. Please use `schedule` instead.
[2022-11-13T00:54:44.667+0000] {logging_mixin.py:120} INFO - [2022-11-13T00:54:44.667+0000] {taskmixin.py:205} WARNING - Dependency <Task(_PythonDecoratedOperator): get_name>, greet already registered for DAG: dag_with_taskflow_api_v1
[2022-11-13T00:54:44.668+0000] {logging_mixin.py:120} INFO - [2022-11-13T00:54:44.668+0000] {taskmixin.py:205} WARNING - Dependency <Task(_PythonDecoratedOperator): greet>, get_name already registered for DAG: dag_with_taskflow_api_v1
[2022-11-13T00:54:44.674+0000] {processor.py:766} INFO - DAG(s) dict_keys(['dag_with_taskflow_api_v1']) retrieved from /opt/airflow/dags/dag_with_task_flow_api.py
[2022-11-13T00:54:44.712+0000] {logging_mixin.py:120} INFO - [2022-11-13T00:54:44.712+0000] {dag.py:2585} INFO - Sync 1 DAGs
[2022-11-13T00:54:44.737+0000] {logging_mixin.py:120} INFO - [2022-11-13T00:54:44.737+0000] {dag.py:3340} INFO - Setting next_dagrun for dag_with_taskflow_api_v1 to 2022-11-08T00:00:00+00:00, run_after=2022-11-09T00:00:00+00:00
[2022-11-13T00:54:44.754+0000] {processor.py:176} INFO - Processing /opt/airflow/dags/dag_with_task_flow_api.py took 0.122 seconds
[2022-11-13T00:55:15.066+0000] {processor.py:154} INFO - Started process (PID=304) to work on /opt/airflow/dags/dag_with_task_flow_api.py
[2022-11-13T00:55:15.068+0000] {processor.py:756} INFO - Processing file /opt/airflow/dags/dag_with_task_flow_api.py for tasks to queue
[2022-11-13T00:55:15.069+0000] {logging_mixin.py:120} INFO - [2022-11-13T00:55:15.069+0000] {dagbag.py:537} INFO - Filling up the DagBag from /opt/airflow/dags/dag_with_task_flow_api.py
[2022-11-13T00:55:15.100+0000] {logging_mixin.py:120} WARNING - /home/airflow/.local/lib/python3.7/site-packages/airflow/models/dag.py:3437 RemovedInAirflow3Warning: Param `schedule_interval` is deprecated and will be removed in a future release. Please use `schedule` instead.
[2022-11-13T00:55:15.108+0000] {logging_mixin.py:120} INFO - [2022-11-13T00:55:15.108+0000] {taskmixin.py:205} WARNING - Dependency <Task(_PythonDecoratedOperator): get_name>, greet already registered for DAG: dag_with_taskflow_api_v1
[2022-11-13T00:55:15.110+0000] {logging_mixin.py:120} INFO - [2022-11-13T00:55:15.109+0000] {taskmixin.py:205} WARNING - Dependency <Task(_PythonDecoratedOperator): greet>, get_name already registered for DAG: dag_with_taskflow_api_v1
[2022-11-13T00:55:15.120+0000] {processor.py:766} INFO - DAG(s) dict_keys(['dag_with_taskflow_api_v1']) retrieved from /opt/airflow/dags/dag_with_task_flow_api.py
[2022-11-13T00:55:15.172+0000] {logging_mixin.py:120} INFO - [2022-11-13T00:55:15.172+0000] {dag.py:2585} INFO - Sync 1 DAGs
[2022-11-13T00:55:15.207+0000] {logging_mixin.py:120} INFO - [2022-11-13T00:55:15.207+0000] {dag.py:3340} INFO - Setting next_dagrun for dag_with_taskflow_api_v1 to 2022-11-08T00:00:00+00:00, run_after=2022-11-09T00:00:00+00:00
[2022-11-13T00:55:15.235+0000] {processor.py:176} INFO - Processing /opt/airflow/dags/dag_with_task_flow_api.py took 0.174 seconds
