[2022-11-13T00:53:43.674+0000] {processor.py:154} INFO - Started process (PID=168) to work on /opt/airflow/dags/dag_with_catchup_and_backfill.py
[2022-11-13T00:53:43.675+0000] {processor.py:756} INFO - Processing file /opt/airflow/dags/dag_with_catchup_and_backfill.py for tasks to queue
[2022-11-13T00:53:43.677+0000] {logging_mixin.py:120} INFO - [2022-11-13T00:53:43.677+0000] {dagbag.py:537} INFO - Filling up the DagBag from /opt/airflow/dags/dag_with_catchup_and_backfill.py
[2022-11-13T00:53:43.730+0000] {processor.py:766} INFO - DAG(s) dict_keys(['dag_with_catchup_and_backfill_v1']) retrieved from /opt/airflow/dags/dag_with_catchup_and_backfill.py
[2022-11-13T00:53:43.924+0000] {logging_mixin.py:120} INFO - [2022-11-13T00:53:43.924+0000] {manager.py:507} INFO - Created Permission View: can delete on DAG:dag_with_catchup_and_backfill_v1
[2022-11-13T00:53:43.932+0000] {logging_mixin.py:120} INFO - [2022-11-13T00:53:43.932+0000] {manager.py:507} INFO - Created Permission View: can read on DAG:dag_with_catchup_and_backfill_v1
[2022-11-13T00:53:43.939+0000] {logging_mixin.py:120} INFO - [2022-11-13T00:53:43.939+0000] {manager.py:507} INFO - Created Permission View: can edit on DAG:dag_with_catchup_and_backfill_v1
[2022-11-13T00:53:43.940+0000] {logging_mixin.py:120} INFO - [2022-11-13T00:53:43.939+0000] {dag.py:2585} INFO - Sync 1 DAGs
[2022-11-13T00:53:43.953+0000] {logging_mixin.py:120} INFO - [2022-11-13T00:53:43.952+0000] {dag.py:2606} INFO - Creating ORM DAG for dag_with_catchup_and_backfill_v1
[2022-11-13T00:53:43.966+0000] {logging_mixin.py:120} INFO - [2022-11-13T00:53:43.965+0000] {dag.py:3340} INFO - Setting next_dagrun for dag_with_catchup_and_backfill_v1 to 2022-11-12T00:00:00+00:00, run_after=2022-11-13T00:00:00+00:00
[2022-11-13T00:53:43.983+0000] {processor.py:176} INFO - Processing /opt/airflow/dags/dag_with_catchup_and_backfill.py took 0.315 seconds
[2022-11-13T00:54:14.161+0000] {processor.py:154} INFO - Started process (PID=214) to work on /opt/airflow/dags/dag_with_catchup_and_backfill.py
[2022-11-13T00:54:14.162+0000] {processor.py:756} INFO - Processing file /opt/airflow/dags/dag_with_catchup_and_backfill.py for tasks to queue
[2022-11-13T00:54:14.163+0000] {logging_mixin.py:120} INFO - [2022-11-13T00:54:14.163+0000] {dagbag.py:537} INFO - Filling up the DagBag from /opt/airflow/dags/dag_with_catchup_and_backfill.py
[2022-11-13T00:54:14.190+0000] {processor.py:766} INFO - DAG(s) dict_keys(['dag_with_catchup_and_backfill_v1']) retrieved from /opt/airflow/dags/dag_with_catchup_and_backfill.py
[2022-11-13T00:54:14.235+0000] {logging_mixin.py:120} INFO - [2022-11-13T00:54:14.235+0000] {dag.py:2585} INFO - Sync 1 DAGs
[2022-11-13T00:54:14.265+0000] {logging_mixin.py:120} INFO - [2022-11-13T00:54:14.265+0000] {dag.py:3340} INFO - Setting next_dagrun for dag_with_catchup_and_backfill_v1 to 2022-11-12T00:00:00+00:00, run_after=2022-11-13T00:00:00+00:00
[2022-11-13T00:54:14.283+0000] {processor.py:176} INFO - Processing /opt/airflow/dags/dag_with_catchup_and_backfill.py took 0.127 seconds
[2022-11-13T00:54:44.485+0000] {processor.py:154} INFO - Started process (PID=259) to work on /opt/airflow/dags/dag_with_catchup_and_backfill.py
[2022-11-13T00:54:44.486+0000] {processor.py:756} INFO - Processing file /opt/airflow/dags/dag_with_catchup_and_backfill.py for tasks to queue
[2022-11-13T00:54:44.488+0000] {logging_mixin.py:120} INFO - [2022-11-13T00:54:44.487+0000] {dagbag.py:537} INFO - Filling up the DagBag from /opt/airflow/dags/dag_with_catchup_and_backfill.py
[2022-11-13T00:54:44.511+0000] {processor.py:766} INFO - DAG(s) dict_keys(['dag_with_catchup_and_backfill_v1']) retrieved from /opt/airflow/dags/dag_with_catchup_and_backfill.py
[2022-11-13T00:54:44.556+0000] {logging_mixin.py:120} INFO - [2022-11-13T00:54:44.555+0000] {dag.py:2585} INFO - Sync 1 DAGs
[2022-11-13T00:54:44.586+0000] {logging_mixin.py:120} INFO - [2022-11-13T00:54:44.586+0000] {dag.py:3340} INFO - Setting next_dagrun for dag_with_catchup_and_backfill_v1 to 2022-11-12T00:00:00+00:00, run_after=2022-11-13T00:00:00+00:00
[2022-11-13T00:54:44.604+0000] {processor.py:176} INFO - Processing /opt/airflow/dags/dag_with_catchup_and_backfill.py took 0.124 seconds
[2022-11-13T00:55:14.822+0000] {processor.py:154} INFO - Started process (PID=294) to work on /opt/airflow/dags/dag_with_catchup_and_backfill.py
[2022-11-13T00:55:14.823+0000] {processor.py:756} INFO - Processing file /opt/airflow/dags/dag_with_catchup_and_backfill.py for tasks to queue
[2022-11-13T00:55:14.825+0000] {logging_mixin.py:120} INFO - [2022-11-13T00:55:14.825+0000] {dagbag.py:537} INFO - Filling up the DagBag from /opt/airflow/dags/dag_with_catchup_and_backfill.py
[2022-11-13T00:55:14.871+0000] {processor.py:766} INFO - DAG(s) dict_keys(['dag_with_catchup_and_backfill_v1']) retrieved from /opt/airflow/dags/dag_with_catchup_and_backfill.py
[2022-11-13T00:55:14.953+0000] {logging_mixin.py:120} INFO - [2022-11-13T00:55:14.952+0000] {dag.py:2585} INFO - Sync 1 DAGs
[2022-11-13T00:55:15.001+0000] {logging_mixin.py:120} INFO - [2022-11-13T00:55:15.001+0000] {dag.py:3340} INFO - Setting next_dagrun for dag_with_catchup_and_backfill_v1 to 2022-11-12T00:00:00+00:00, run_after=2022-11-13T00:00:00+00:00
[2022-11-13T00:55:15.029+0000] {processor.py:176} INFO - Processing /opt/airflow/dags/dag_with_catchup_and_backfill.py took 0.214 seconds
