[2022-11-15T18:44:22.257+0000] {taskinstance.py:1165} INFO - Dependencies all met for <TaskInstance: dag_with_python_dependencies_v2.get_matplotlib manual__2022-11-15T18:44:19.129559+00:00 [queued]>
[2022-11-15T18:44:22.271+0000] {taskinstance.py:1165} INFO - Dependencies all met for <TaskInstance: dag_with_python_dependencies_v2.get_matplotlib manual__2022-11-15T18:44:19.129559+00:00 [queued]>
[2022-11-15T18:44:22.272+0000] {taskinstance.py:1362} INFO - 
--------------------------------------------------------------------------------
[2022-11-15T18:44:22.273+0000] {taskinstance.py:1363} INFO - Starting attempt 1 of 6
[2022-11-15T18:44:22.274+0000] {taskinstance.py:1364} INFO - 
--------------------------------------------------------------------------------
[2022-11-15T18:44:22.293+0000] {taskinstance.py:1383} INFO - Executing <Task(PythonOperator): get_matplotlib> on 2022-11-15 18:44:19.129559+00:00
[2022-11-15T18:44:22.298+0000] {standard_task_runner.py:55} INFO - Started process 271 to run task
[2022-11-15T18:44:22.302+0000] {standard_task_runner.py:82} INFO - Running: ['airflow', 'tasks', 'run', 'dag_with_python_dependencies_v2', 'get_matplotlib', 'manual__2022-11-15T18:44:19.129559+00:00', '--job-id', '13', '--raw', '--subdir', 'DAGS_FOLDER/dag_with_python_dependencies.py', '--cfg-path', '/tmp/tmpzydvyqq8']
[2022-11-15T18:44:22.306+0000] {standard_task_runner.py:83} INFO - Job 13: Subtask get_matplotlib
[2022-11-15T18:44:22.388+0000] {task_command.py:376} INFO - Running <TaskInstance: dag_with_python_dependencies_v2.get_matplotlib manual__2022-11-15T18:44:19.129559+00:00 [running]> on host 0e683eaf7e7f
[2022-11-15T18:44:22.476+0000] {taskinstance.py:1592} INFO - Exporting the following env vars:
AIRFLOW_CTX_DAG_OWNER=charlie
AIRFLOW_CTX_DAG_ID=dag_with_python_dependencies_v2
AIRFLOW_CTX_TASK_ID=get_matplotlib
AIRFLOW_CTX_EXECUTION_DATE=2022-11-15T18:44:19.129559+00:00
AIRFLOW_CTX_TRY_NUMBER=1
AIRFLOW_CTX_DAG_RUN_ID=manual__2022-11-15T18:44:19.129559+00:00
[2022-11-15T18:44:22.580+0000] {logging_mixin.py:120} INFO - matplotlib with version: 3.3.3
[2022-11-15T18:44:22.581+0000] {python.py:177} INFO - Done. Returned value was: None
[2022-11-15T18:44:22.595+0000] {taskinstance.py:1406} INFO - Marking task as SUCCESS. dag_id=dag_with_python_dependencies_v2, task_id=get_matplotlib, execution_date=20221115T184419, start_date=20221115T184422, end_date=20221115T184422
[2022-11-15T18:44:22.638+0000] {local_task_job.py:164} INFO - Task exited with return code 0
[2022-11-15T18:44:22.662+0000] {local_task_job.py:273} INFO - 0 downstream tasks scheduled from follow-on schedule check
