[2022-11-14T20:23:38.209+0000] {taskinstance.py:1165} INFO - Dependencies all met for <TaskInstance: dag_with_python_dependencies_v1.get_sklearn scheduled__2022-11-13T00:00:00+00:00 [queued]>
[2022-11-14T20:23:38.223+0000] {taskinstance.py:1165} INFO - Dependencies all met for <TaskInstance: dag_with_python_dependencies_v1.get_sklearn scheduled__2022-11-13T00:00:00+00:00 [queued]>
[2022-11-14T20:23:38.224+0000] {taskinstance.py:1362} INFO - 
--------------------------------------------------------------------------------
[2022-11-14T20:23:38.225+0000] {taskinstance.py:1363} INFO - Starting attempt 1 of 6
[2022-11-14T20:23:38.226+0000] {taskinstance.py:1364} INFO - 
--------------------------------------------------------------------------------
[2022-11-14T20:23:38.243+0000] {taskinstance.py:1383} INFO - Executing <Task(PythonOperator): get_sklearn> on 2022-11-13 00:00:00+00:00
[2022-11-14T20:23:38.248+0000] {standard_task_runner.py:55} INFO - Started process 225 to run task
[2022-11-14T20:23:38.252+0000] {standard_task_runner.py:82} INFO - Running: ['airflow', 'tasks', 'run', 'dag_with_python_dependencies_v1', 'get_sklearn', 'scheduled__2022-11-13T00:00:00+00:00', '--job-id', '5', '--raw', '--subdir', 'DAGS_FOLDER/dag_with_python_dependencies.py', '--cfg-path', '/tmp/tmpml772_zo']
[2022-11-14T20:23:38.256+0000] {standard_task_runner.py:83} INFO - Job 5: Subtask get_sklearn
[2022-11-14T20:23:38.339+0000] {task_command.py:376} INFO - Running <TaskInstance: dag_with_python_dependencies_v1.get_sklearn scheduled__2022-11-13T00:00:00+00:00 [running]> on host 50632b5fd600
[2022-11-14T20:23:38.426+0000] {taskinstance.py:1592} INFO - Exporting the following env vars:
AIRFLOW_CTX_DAG_OWNER=charlie
AIRFLOW_CTX_DAG_ID=dag_with_python_dependencies_v1
AIRFLOW_CTX_TASK_ID=get_sklearn
AIRFLOW_CTX_EXECUTION_DATE=2022-11-13T00:00:00+00:00
AIRFLOW_CTX_TRY_NUMBER=1
AIRFLOW_CTX_DAG_RUN_ID=scheduled__2022-11-13T00:00:00+00:00
[2022-11-14T20:23:38.908+0000] {logging_mixin.py:120} INFO - scikit learn with version: 0.24.2
[2022-11-14T20:23:38.910+0000] {python.py:177} INFO - Done. Returned value was: None
[2022-11-14T20:23:38.925+0000] {taskinstance.py:1406} INFO - Marking task as SUCCESS. dag_id=dag_with_python_dependencies_v1, task_id=get_sklearn, execution_date=20221113T000000, start_date=20221114T202338, end_date=20221114T202338
[2022-11-14T20:23:38.992+0000] {local_task_job.py:164} INFO - Task exited with return code 0
[2022-11-14T20:23:39.017+0000] {local_task_job.py:273} INFO - 0 downstream tasks scheduled from follow-on schedule check
[2022-11-15T18:20:32.872+0000] {taskinstance.py:1165} INFO - Dependencies all met for <TaskInstance: dag_with_python_dependencies_v1.get_sklearn scheduled__2022-11-13T00:00:00+00:00 [queued]>
[2022-11-15T18:20:32.891+0000] {taskinstance.py:1165} INFO - Dependencies all met for <TaskInstance: dag_with_python_dependencies_v1.get_sklearn scheduled__2022-11-13T00:00:00+00:00 [queued]>
[2022-11-15T18:20:32.893+0000] {taskinstance.py:1362} INFO - 
--------------------------------------------------------------------------------
[2022-11-15T18:20:32.894+0000] {taskinstance.py:1363} INFO - Starting attempt 1 of 6
[2022-11-15T18:20:32.896+0000] {taskinstance.py:1364} INFO - 
--------------------------------------------------------------------------------
[2022-11-15T18:20:32.917+0000] {taskinstance.py:1383} INFO - Executing <Task(PythonOperator): get_sklearn> on 2022-11-13 00:00:00+00:00
[2022-11-15T18:20:32.926+0000] {standard_task_runner.py:55} INFO - Started process 229 to run task
[2022-11-15T18:20:32.934+0000] {standard_task_runner.py:82} INFO - Running: ['airflow', 'tasks', 'run', 'dag_with_python_dependencies_v1', 'get_sklearn', 'scheduled__2022-11-13T00:00:00+00:00', '--job-id', '5', '--raw', '--subdir', 'DAGS_FOLDER/dag_with_python_dependencies.py', '--cfg-path', '/tmp/tmpa1vwn34t']
[2022-11-15T18:20:32.938+0000] {standard_task_runner.py:83} INFO - Job 5: Subtask get_sklearn
[2022-11-15T18:20:33.042+0000] {task_command.py:376} INFO - Running <TaskInstance: dag_with_python_dependencies_v1.get_sklearn scheduled__2022-11-13T00:00:00+00:00 [running]> on host c3b7e194ac5a
[2022-11-15T18:20:33.172+0000] {taskinstance.py:1592} INFO - Exporting the following env vars:
AIRFLOW_CTX_DAG_OWNER=charlie
AIRFLOW_CTX_DAG_ID=dag_with_python_dependencies_v1
AIRFLOW_CTX_TASK_ID=get_sklearn
AIRFLOW_CTX_EXECUTION_DATE=2022-11-13T00:00:00+00:00
AIRFLOW_CTX_TRY_NUMBER=1
AIRFLOW_CTX_DAG_RUN_ID=scheduled__2022-11-13T00:00:00+00:00
[2022-11-15T18:20:34.065+0000] {logging_mixin.py:120} INFO - scikit learn with version: 0.24.2
[2022-11-15T18:20:34.067+0000] {python.py:177} INFO - Done. Returned value was: None
[2022-11-15T18:20:34.097+0000] {taskinstance.py:1406} INFO - Marking task as SUCCESS. dag_id=dag_with_python_dependencies_v1, task_id=get_sklearn, execution_date=20221113T000000, start_date=20221115T182032, end_date=20221115T182034
[2022-11-15T18:20:34.196+0000] {local_task_job.py:164} INFO - Task exited with return code 0
[2022-11-15T18:20:34.226+0000] {local_task_job.py:273} INFO - 0 downstream tasks scheduled from follow-on schedule check
