[2022-11-14T20:23:38.027+0000] {taskinstance.py:1165} INFO - Dependencies all met for <TaskInstance: dag_with_python_dependencies_v1.get_sklearn scheduled__2022-11-11T00:00:00+00:00 [queued]>
[2022-11-14T20:23:38.040+0000] {taskinstance.py:1165} INFO - Dependencies all met for <TaskInstance: dag_with_python_dependencies_v1.get_sklearn scheduled__2022-11-11T00:00:00+00:00 [queued]>
[2022-11-14T20:23:38.040+0000] {taskinstance.py:1362} INFO - 
--------------------------------------------------------------------------------
[2022-11-14T20:23:38.041+0000] {taskinstance.py:1363} INFO - Starting attempt 1 of 6
[2022-11-14T20:23:38.042+0000] {taskinstance.py:1364} INFO - 
--------------------------------------------------------------------------------
[2022-11-14T20:23:38.058+0000] {taskinstance.py:1383} INFO - Executing <Task(PythonOperator): get_sklearn> on 2022-11-11 00:00:00+00:00
[2022-11-14T20:23:38.063+0000] {standard_task_runner.py:55} INFO - Started process 223 to run task
[2022-11-14T20:23:38.066+0000] {standard_task_runner.py:82} INFO - Running: ['airflow', 'tasks', 'run', 'dag_with_python_dependencies_v1', 'get_sklearn', 'scheduled__2022-11-11T00:00:00+00:00', '--job-id', '3', '--raw', '--subdir', 'DAGS_FOLDER/dag_with_python_dependencies.py', '--cfg-path', '/tmp/tmpsiwedqoj']
[2022-11-14T20:23:38.069+0000] {standard_task_runner.py:83} INFO - Job 3: Subtask get_sklearn
[2022-11-14T20:23:38.153+0000] {task_command.py:376} INFO - Running <TaskInstance: dag_with_python_dependencies_v1.get_sklearn scheduled__2022-11-11T00:00:00+00:00 [running]> on host 50632b5fd600
[2022-11-14T20:23:38.261+0000] {taskinstance.py:1592} INFO - Exporting the following env vars:
AIRFLOW_CTX_DAG_OWNER=charlie
AIRFLOW_CTX_DAG_ID=dag_with_python_dependencies_v1
AIRFLOW_CTX_TASK_ID=get_sklearn
AIRFLOW_CTX_EXECUTION_DATE=2022-11-11T00:00:00+00:00
AIRFLOW_CTX_TRY_NUMBER=1
AIRFLOW_CTX_DAG_RUN_ID=scheduled__2022-11-11T00:00:00+00:00
[2022-11-14T20:23:38.758+0000] {logging_mixin.py:120} INFO - scikit learn with version: 0.24.2
[2022-11-14T20:23:38.760+0000] {python.py:177} INFO - Done. Returned value was: None
[2022-11-14T20:23:38.774+0000] {taskinstance.py:1406} INFO - Marking task as SUCCESS. dag_id=dag_with_python_dependencies_v1, task_id=get_sklearn, execution_date=20221111T000000, start_date=20221114T202338, end_date=20221114T202338
[2022-11-14T20:23:38.845+0000] {local_task_job.py:164} INFO - Task exited with return code 0
[2022-11-14T20:23:38.877+0000] {local_task_job.py:273} INFO - 0 downstream tasks scheduled from follow-on schedule check
[2022-11-15T18:20:32.812+0000] {taskinstance.py:1165} INFO - Dependencies all met for <TaskInstance: dag_with_python_dependencies_v1.get_sklearn scheduled__2022-11-11T00:00:00+00:00 [queued]>
[2022-11-15T18:20:32.831+0000] {taskinstance.py:1165} INFO - Dependencies all met for <TaskInstance: dag_with_python_dependencies_v1.get_sklearn scheduled__2022-11-11T00:00:00+00:00 [queued]>
[2022-11-15T18:20:32.832+0000] {taskinstance.py:1362} INFO - 
--------------------------------------------------------------------------------
[2022-11-15T18:20:32.833+0000] {taskinstance.py:1363} INFO - Starting attempt 1 of 6
[2022-11-15T18:20:32.834+0000] {taskinstance.py:1364} INFO - 
--------------------------------------------------------------------------------
[2022-11-15T18:20:32.869+0000] {taskinstance.py:1383} INFO - Executing <Task(PythonOperator): get_sklearn> on 2022-11-11 00:00:00+00:00
[2022-11-15T18:20:32.880+0000] {standard_task_runner.py:55} INFO - Started process 228 to run task
[2022-11-15T18:20:32.885+0000] {standard_task_runner.py:82} INFO - Running: ['airflow', 'tasks', 'run', 'dag_with_python_dependencies_v1', 'get_sklearn', 'scheduled__2022-11-11T00:00:00+00:00', '--job-id', '3', '--raw', '--subdir', 'DAGS_FOLDER/dag_with_python_dependencies.py', '--cfg-path', '/tmp/tmp7pkya6uq']
[2022-11-15T18:20:32.889+0000] {standard_task_runner.py:83} INFO - Job 3: Subtask get_sklearn
[2022-11-15T18:20:33.043+0000] {task_command.py:376} INFO - Running <TaskInstance: dag_with_python_dependencies_v1.get_sklearn scheduled__2022-11-11T00:00:00+00:00 [running]> on host c3b7e194ac5a
[2022-11-15T18:20:33.189+0000] {taskinstance.py:1592} INFO - Exporting the following env vars:
AIRFLOW_CTX_DAG_OWNER=charlie
AIRFLOW_CTX_DAG_ID=dag_with_python_dependencies_v1
AIRFLOW_CTX_TASK_ID=get_sklearn
AIRFLOW_CTX_EXECUTION_DATE=2022-11-11T00:00:00+00:00
AIRFLOW_CTX_TRY_NUMBER=1
AIRFLOW_CTX_DAG_RUN_ID=scheduled__2022-11-11T00:00:00+00:00
[2022-11-15T18:20:34.052+0000] {logging_mixin.py:120} INFO - scikit learn with version: 0.24.2
[2022-11-15T18:20:34.054+0000] {python.py:177} INFO - Done. Returned value was: None
[2022-11-15T18:20:34.074+0000] {taskinstance.py:1406} INFO - Marking task as SUCCESS. dag_id=dag_with_python_dependencies_v1, task_id=get_sklearn, execution_date=20221111T000000, start_date=20221115T182032, end_date=20221115T182034
[2022-11-15T18:20:34.165+0000] {local_task_job.py:164} INFO - Task exited with return code 0
[2022-11-15T18:20:34.196+0000] {local_task_job.py:273} INFO - 0 downstream tasks scheduled from follow-on schedule check
