[2022-11-13T17:12:32.590+0000] {taskinstance.py:1165} INFO - Dependencies all met for <TaskInstance: dag_with_postgres_operator_v1.delete_data_from_table scheduled__2022-11-10T00:00:00+00:00 [queued]>
[2022-11-13T17:12:32.603+0000] {taskinstance.py:1165} INFO - Dependencies all met for <TaskInstance: dag_with_postgres_operator_v1.delete_data_from_table scheduled__2022-11-10T00:00:00+00:00 [queued]>
[2022-11-13T17:12:32.604+0000] {taskinstance.py:1362} INFO - 
--------------------------------------------------------------------------------
[2022-11-13T17:12:32.606+0000] {taskinstance.py:1363} INFO - Starting attempt 1 of 6
[2022-11-13T17:12:32.608+0000] {taskinstance.py:1364} INFO - 
--------------------------------------------------------------------------------
[2022-11-13T17:12:32.629+0000] {taskinstance.py:1383} INFO - Executing <Task(PostgresOperator): delete_data_from_table> on 2022-11-10 00:00:00+00:00
[2022-11-13T17:12:32.636+0000] {standard_task_runner.py:55} INFO - Started process 3414 to run task
[2022-11-13T17:12:32.642+0000] {standard_task_runner.py:82} INFO - Running: ['***', 'tasks', 'run', 'dag_with_postgres_operator_v1', 'delete_data_from_table', 'scheduled__2022-11-10T00:00:00+00:00', '--job-id', '17', '--raw', '--subdir', 'DAGS_FOLDER/dag_with_postgres_operator.py', '--cfg-path', '/tmp/tmpf0t1wkae']
[2022-11-13T17:12:32.649+0000] {standard_task_runner.py:83} INFO - Job 17: Subtask delete_data_from_table
[2022-11-13T17:12:32.754+0000] {task_command.py:376} INFO - Running <TaskInstance: dag_with_postgres_operator_v1.delete_data_from_table scheduled__2022-11-10T00:00:00+00:00 [running]> on host 6a6c6e07e37b
[2022-11-13T17:12:32.892+0000] {taskinstance.py:1592} INFO - Exporting the following env vars:
AIRFLOW_CTX_DAG_OWNER=charlie
AIRFLOW_CTX_DAG_ID=dag_with_postgres_operator_v1
AIRFLOW_CTX_TASK_ID=delete_data_from_table
AIRFLOW_CTX_EXECUTION_DATE=2022-11-10T00:00:00+00:00
AIRFLOW_CTX_TRY_NUMBER=1
AIRFLOW_CTX_DAG_RUN_ID=scheduled__2022-11-10T00:00:00+00:00
[2022-11-13T17:12:32.908+0000] {base.py:71} INFO - Using connection ID 'postgres_localhost' for task execution.
[2022-11-13T17:12:32.923+0000] {sql.py:315} INFO - Running statement: 
            delete from dag_runs where dt = '2022-11-10' and dag_id =  'dag_with_postgres_operator_v1'
        , parameters: None
[2022-11-13T17:12:32.931+0000] {sql.py:324} INFO - Rows affected: 0
[2022-11-13T17:12:32.958+0000] {taskinstance.py:1406} INFO - Marking task as SUCCESS. dag_id=dag_with_postgres_operator_v1, task_id=delete_data_from_table, execution_date=20221110T000000, start_date=20221113T171232, end_date=20221113T171232
[2022-11-13T17:12:33.017+0000] {local_task_job.py:164} INFO - Task exited with return code 0
[2022-11-13T17:12:33.077+0000] {local_task_job.py:273} INFO - 1 downstream tasks scheduled from follow-on schedule check
