[2022-11-15T18:40:45.801+0000] {taskinstance.py:1165} INFO - Dependencies all met for <TaskInstance: dag_with_python_dependencies_v2.get_sklearn scheduled__2022-11-12T00:00:00+00:00 [queued]>
[2022-11-15T18:40:45.815+0000] {taskinstance.py:1165} INFO - Dependencies all met for <TaskInstance: dag_with_python_dependencies_v2.get_sklearn scheduled__2022-11-12T00:00:00+00:00 [queued]>
[2022-11-15T18:40:45.816+0000] {taskinstance.py:1362} INFO - 
--------------------------------------------------------------------------------
[2022-11-15T18:40:45.817+0000] {taskinstance.py:1363} INFO - Starting attempt 1 of 6
[2022-11-15T18:40:45.818+0000] {taskinstance.py:1364} INFO - 
--------------------------------------------------------------------------------
[2022-11-15T18:40:45.835+0000] {taskinstance.py:1383} INFO - Executing <Task(PythonOperator): get_sklearn> on 2022-11-12 00:00:00+00:00
[2022-11-15T18:40:45.841+0000] {standard_task_runner.py:55} INFO - Started process 759 to run task
[2022-11-15T18:40:45.850+0000] {standard_task_runner.py:82} INFO - Running: ['airflow', 'tasks', 'run', 'dag_with_python_dependencies_v2', 'get_sklearn', 'scheduled__2022-11-12T00:00:00+00:00', '--job-id', '4', '--raw', '--subdir', 'DAGS_FOLDER/dag_with_python_dependencies.py', '--cfg-path', '/tmp/tmp2mhu8j3x']
[2022-11-15T18:40:45.854+0000] {standard_task_runner.py:83} INFO - Job 4: Subtask get_sklearn
[2022-11-15T18:40:45.952+0000] {task_command.py:376} INFO - Running <TaskInstance: dag_with_python_dependencies_v2.get_sklearn scheduled__2022-11-12T00:00:00+00:00 [running]> on host 927c3d249f0b
[2022-11-15T18:40:46.067+0000] {taskinstance.py:1592} INFO - Exporting the following env vars:
AIRFLOW_CTX_DAG_OWNER=charlie
AIRFLOW_CTX_DAG_ID=dag_with_python_dependencies_v2
AIRFLOW_CTX_TASK_ID=get_sklearn
AIRFLOW_CTX_EXECUTION_DATE=2022-11-12T00:00:00+00:00
AIRFLOW_CTX_TRY_NUMBER=1
AIRFLOW_CTX_DAG_RUN_ID=scheduled__2022-11-12T00:00:00+00:00
[2022-11-15T18:40:46.820+0000] {logging_mixin.py:120} INFO - scikit learn with version: 0.24.2
[2022-11-15T18:40:46.823+0000] {python.py:177} INFO - Done. Returned value was: None
[2022-11-15T18:40:46.839+0000] {taskinstance.py:1406} INFO - Marking task as SUCCESS. dag_id=dag_with_python_dependencies_v2, task_id=get_sklearn, execution_date=20221112T000000, start_date=20221115T184045, end_date=20221115T184046
[2022-11-15T18:40:46.911+0000] {local_task_job.py:164} INFO - Task exited with return code 0
[2022-11-15T18:40:46.972+0000] {local_task_job.py:273} INFO - 1 downstream tasks scheduled from follow-on schedule check
