[2022-11-14T20:23:38.088+0000] {taskinstance.py:1165} INFO - Dependencies all met for <TaskInstance: dag_with_python_dependencies_v1.get_sklearn scheduled__2022-11-12T00:00:00+00:00 [queued]>
[2022-11-14T20:23:38.101+0000] {taskinstance.py:1165} INFO - Dependencies all met for <TaskInstance: dag_with_python_dependencies_v1.get_sklearn scheduled__2022-11-12T00:00:00+00:00 [queued]>
[2022-11-14T20:23:38.102+0000] {taskinstance.py:1362} INFO - 
--------------------------------------------------------------------------------
[2022-11-14T20:23:38.102+0000] {taskinstance.py:1363} INFO - Starting attempt 1 of 6
[2022-11-14T20:23:38.103+0000] {taskinstance.py:1364} INFO - 
--------------------------------------------------------------------------------
[2022-11-14T20:23:38.120+0000] {taskinstance.py:1383} INFO - Executing <Task(PythonOperator): get_sklearn> on 2022-11-12 00:00:00+00:00
[2022-11-14T20:23:38.128+0000] {standard_task_runner.py:55} INFO - Started process 224 to run task
[2022-11-14T20:23:38.132+0000] {standard_task_runner.py:82} INFO - Running: ['airflow', 'tasks', 'run', 'dag_with_python_dependencies_v1', 'get_sklearn', 'scheduled__2022-11-12T00:00:00+00:00', '--job-id', '4', '--raw', '--subdir', 'DAGS_FOLDER/dag_with_python_dependencies.py', '--cfg-path', '/tmp/tmpexvxmcui']
[2022-11-14T20:23:38.135+0000] {standard_task_runner.py:83} INFO - Job 4: Subtask get_sklearn
[2022-11-14T20:23:38.226+0000] {task_command.py:376} INFO - Running <TaskInstance: dag_with_python_dependencies_v1.get_sklearn scheduled__2022-11-12T00:00:00+00:00 [running]> on host 50632b5fd600
[2022-11-14T20:23:38.321+0000] {taskinstance.py:1592} INFO - Exporting the following env vars:
AIRFLOW_CTX_DAG_OWNER=charlie
AIRFLOW_CTX_DAG_ID=dag_with_python_dependencies_v1
AIRFLOW_CTX_TASK_ID=get_sklearn
AIRFLOW_CTX_EXECUTION_DATE=2022-11-12T00:00:00+00:00
AIRFLOW_CTX_TRY_NUMBER=1
AIRFLOW_CTX_DAG_RUN_ID=scheduled__2022-11-12T00:00:00+00:00
[2022-11-14T20:23:38.782+0000] {logging_mixin.py:120} INFO - scikit learn with version: 0.24.2
[2022-11-14T20:23:38.783+0000] {python.py:177} INFO - Done. Returned value was: None
[2022-11-14T20:23:38.797+0000] {taskinstance.py:1406} INFO - Marking task as SUCCESS. dag_id=dag_with_python_dependencies_v1, task_id=get_sklearn, execution_date=20221112T000000, start_date=20221114T202338, end_date=20221114T202338
[2022-11-14T20:23:38.870+0000] {local_task_job.py:164} INFO - Task exited with return code 0
[2022-11-14T20:23:38.934+0000] {local_task_job.py:273} INFO - 0 downstream tasks scheduled from follow-on schedule check
[2022-11-15T18:20:32.798+0000] {taskinstance.py:1165} INFO - Dependencies all met for <TaskInstance: dag_with_python_dependencies_v1.get_sklearn scheduled__2022-11-12T00:00:00+00:00 [queued]>
[2022-11-15T18:20:32.814+0000] {taskinstance.py:1165} INFO - Dependencies all met for <TaskInstance: dag_with_python_dependencies_v1.get_sklearn scheduled__2022-11-12T00:00:00+00:00 [queued]>
[2022-11-15T18:20:32.815+0000] {taskinstance.py:1362} INFO - 
--------------------------------------------------------------------------------
[2022-11-15T18:20:32.816+0000] {taskinstance.py:1363} INFO - Starting attempt 1 of 6
[2022-11-15T18:20:32.818+0000] {taskinstance.py:1364} INFO - 
--------------------------------------------------------------------------------
[2022-11-15T18:20:32.839+0000] {taskinstance.py:1383} INFO - Executing <Task(PythonOperator): get_sklearn> on 2022-11-12 00:00:00+00:00
[2022-11-15T18:20:32.845+0000] {standard_task_runner.py:55} INFO - Started process 227 to run task
[2022-11-15T18:20:32.850+0000] {standard_task_runner.py:82} INFO - Running: ['airflow', 'tasks', 'run', 'dag_with_python_dependencies_v1', 'get_sklearn', 'scheduled__2022-11-12T00:00:00+00:00', '--job-id', '4', '--raw', '--subdir', 'DAGS_FOLDER/dag_with_python_dependencies.py', '--cfg-path', '/tmp/tmpe0thp7dr']
[2022-11-15T18:20:32.854+0000] {standard_task_runner.py:83} INFO - Job 4: Subtask get_sklearn
[2022-11-15T18:20:32.978+0000] {task_command.py:376} INFO - Running <TaskInstance: dag_with_python_dependencies_v1.get_sklearn scheduled__2022-11-12T00:00:00+00:00 [running]> on host c3b7e194ac5a
[2022-11-15T18:20:33.137+0000] {taskinstance.py:1592} INFO - Exporting the following env vars:
AIRFLOW_CTX_DAG_OWNER=charlie
AIRFLOW_CTX_DAG_ID=dag_with_python_dependencies_v1
AIRFLOW_CTX_TASK_ID=get_sklearn
AIRFLOW_CTX_EXECUTION_DATE=2022-11-12T00:00:00+00:00
AIRFLOW_CTX_TRY_NUMBER=1
AIRFLOW_CTX_DAG_RUN_ID=scheduled__2022-11-12T00:00:00+00:00
[2022-11-15T18:20:34.110+0000] {logging_mixin.py:120} INFO - scikit learn with version: 0.24.2
[2022-11-15T18:20:34.114+0000] {python.py:177} INFO - Done. Returned value was: None
[2022-11-15T18:20:34.132+0000] {taskinstance.py:1406} INFO - Marking task as SUCCESS. dag_id=dag_with_python_dependencies_v1, task_id=get_sklearn, execution_date=20221112T000000, start_date=20221115T182032, end_date=20221115T182034
[2022-11-15T18:20:34.193+0000] {local_task_job.py:164} INFO - Task exited with return code 0
[2022-11-15T18:20:34.220+0000] {local_task_job.py:273} INFO - 0 downstream tasks scheduled from follow-on schedule check
