[2022-11-13T00:47:28.865+0000] {manager.py:483} INFO - Processing files using up to 2 processes at a time 
[2022-11-13T00:47:28.869+0000] {manager.py:484} INFO - Process each file at most once every 30 seconds
[2022-11-13T00:47:28.870+0000] {manager.py:486} INFO - Checking for new files in /opt/airflow/dags every 300 seconds
[2022-11-13T00:47:28.872+0000] {manager.py:724} INFO - Searching for files in /opt/airflow/dags
[2022-11-13T00:47:28.882+0000] {manager.py:727} INFO - There are 36 files in /opt/airflow/dags
[2022-11-13T00:47:28.953+0000] {manager.py:846} INFO - 
================================================================================
DAG File Processing Stats

File Path                                                                                                           PID  Runtime      # DAGs    # Errors  Last Runtime    Last Run
----------------------------------------------------------------------------------------------------------------  -----  ---------  --------  ----------  --------------  ----------
/home/airflow/.local/lib/python3.7/site-packages/airflow/example_dags/tutorial_taskflow_api_virtualenv.py           168  0.03s             0           0
/home/airflow/.local/lib/python3.7/site-packages/airflow/example_dags/example_complex.py                            171  0.02s             0           0
/home/airflow/.local/lib/python3.7/site-packages/airflow/example_dags/example_dag_decorator.py                                             0           0
/home/airflow/.local/lib/python3.7/site-packages/airflow/example_dags/example_short_circuit_decorator.py                                   0           0
/home/airflow/.local/lib/python3.7/site-packages/airflow/example_dags/example_trigger_controller_dag.py                                    0           0
/home/airflow/.local/lib/python3.7/site-packages/airflow/example_dags/example_latest_only_with_trigger.py                                  0           0
/home/airflow/.local/lib/python3.7/site-packages/airflow/example_dags/example_python_operator.py                                           0           0
/home/airflow/.local/lib/python3.7/site-packages/airflow/example_dags/tutorial_taskflow_api.py                                             0           0
/home/airflow/.local/lib/python3.7/site-packages/airflow/example_dags/example_branch_operator.py                                           0           0
/home/airflow/.local/lib/python3.7/site-packages/airflow/example_dags/example_passing_params_via_test_command.py                           0           0
/home/airflow/.local/lib/python3.7/site-packages/airflow/example_dags/tutorial.py                                                          0           0
/home/airflow/.local/lib/python3.7/site-packages/airflow/example_dags/example_task_group.py                                                0           0
/home/airflow/.local/lib/python3.7/site-packages/airflow/example_dags/example_datasets.py                                                  0           0
/home/airflow/.local/lib/python3.7/site-packages/airflow/example_dags/example_xcomargs.py                                                  0           0
/home/airflow/.local/lib/python3.7/site-packages/airflow/example_dags/example_local_kubernetes_executor.py                                 0           0
/home/airflow/.local/lib/python3.7/site-packages/airflow/example_dags/example_branch_labels.py                                             0           0
/home/airflow/.local/lib/python3.7/site-packages/airflow/example_dags/example_branch_day_of_week_operator.py                               0           0
/home/airflow/.local/lib/python3.7/site-packages/airflow/example_dags/example_sla_dag.py                                                   0           0
/home/airflow/.local/lib/python3.7/site-packages/airflow/example_dags/example_xcom.py                                                      0           0
/home/airflow/.local/lib/python3.7/site-packages/airflow/example_dags/tutorial_dag.py                                                      0           0
/home/airflow/.local/lib/python3.7/site-packages/airflow/example_dags/example_trigger_target_dag.py                                        0           0
/home/airflow/.local/lib/python3.7/site-packages/airflow/example_dags/example_skip_dag.py                                                  0           0
/home/airflow/.local/lib/python3.7/site-packages/airflow/example_dags/example_time_delta_sensor_async.py                                   0           0
/home/airflow/.local/lib/python3.7/site-packages/airflow/example_dags/example_nested_branch_dag.py                                         0           0
/home/airflow/.local/lib/python3.7/site-packages/airflow/example_dags/example_task_group_decorator.py                                      0           0
/home/airflow/.local/lib/python3.7/site-packages/airflow/example_dags/example_bash_operator.py                                             0           0
/home/airflow/.local/lib/python3.7/site-packages/airflow/example_dags/example_latest_only.py                                               0           0
/home/airflow/.local/lib/python3.7/site-packages/airflow/example_dags/example_short_circuit_operator.py                                    0           0
/home/airflow/.local/lib/python3.7/site-packages/airflow/example_dags/example_branch_datetime_operator.py                                  0           0
/home/airflow/.local/lib/python3.7/site-packages/airflow/example_dags/example_external_task_marker_dag.py                                  0           0
/home/airflow/.local/lib/python3.7/site-packages/airflow/example_dags/example_kubernetes_executor.py                                       0           0
/home/airflow/.local/lib/python3.7/site-packages/airflow/example_dags/example_branch_operator_decorator.py                                 0           0
/home/airflow/.local/lib/python3.7/site-packages/airflow/example_dags/example_subdag_operator.py                                           0           0
/home/airflow/.local/lib/python3.7/site-packages/airflow/example_dags/example_branch_python_dop_operator_3.py                              0           0
/home/airflow/.local/lib/python3.7/site-packages/airflow/example_dags/plugins/workday.py                                                   0           0
/home/airflow/.local/lib/python3.7/site-packages/airflow/example_dags/subdags/subdag.py                                                    0           0
================================================================================
[2022-11-13T00:47:59.819+0000] {manager.py:846} INFO - 
================================================================================
DAG File Processing Stats

File Path                                                                                                           PID  Runtime      # DAGs    # Errors  Last Runtime    Last Run
----------------------------------------------------------------------------------------------------------------  -----  ---------  --------  ----------  --------------  -------------------
/home/airflow/.local/lib/python3.7/site-packages/airflow/example_dags/plugins/workday.py                                                   0           0  0.07s           2022-11-13T00:47:32
/home/airflow/.local/lib/python3.7/site-packages/airflow/example_dags/subdags/subdag.py                                                    0           0  0.18s           2022-11-13T00:47:32
/home/airflow/.local/lib/python3.7/site-packages/airflow/example_dags/tutorial_taskflow_api_virtualenv.py           378  0.01s             1           0  0.18s           2022-11-13T00:47:29
/home/airflow/.local/lib/python3.7/site-packages/airflow/example_dags/example_complex.py                            381  0.00s             1           0  0.18s           2022-11-13T00:47:29
/home/airflow/.local/lib/python3.7/site-packages/airflow/example_dags/example_dag_decorator.py                                             1           0  0.17s           2022-11-13T00:47:29
/home/airflow/.local/lib/python3.7/site-packages/airflow/example_dags/example_short_circuit_decorator.py                                   1           0  0.16s           2022-11-13T00:47:29
/home/airflow/.local/lib/python3.7/site-packages/airflow/example_dags/example_trigger_controller_dag.py                                    1           0  0.17s           2022-11-13T00:47:29
/home/airflow/.local/lib/python3.7/site-packages/airflow/example_dags/example_latest_only_with_trigger.py                                  1           0  0.15s           2022-11-13T00:47:29
/home/airflow/.local/lib/python3.7/site-packages/airflow/example_dags/example_python_operator.py                                           1           0  0.18s           2022-11-13T00:47:29
/home/airflow/.local/lib/python3.7/site-packages/airflow/example_dags/tutorial_taskflow_api.py                                             1           0  0.19s           2022-11-13T00:47:29
/home/airflow/.local/lib/python3.7/site-packages/airflow/example_dags/example_branch_operator.py                                           1           0  0.20s           2022-11-13T00:47:29
/home/airflow/.local/lib/python3.7/site-packages/airflow/example_dags/example_passing_params_via_test_command.py                           1           0  0.17s           2022-11-13T00:47:29
/home/airflow/.local/lib/python3.7/site-packages/airflow/example_dags/tutorial.py                                                          1           0  0.16s           2022-11-13T00:47:29
/home/airflow/.local/lib/python3.7/site-packages/airflow/example_dags/example_task_group.py                                                1           0  0.23s           2022-11-13T00:47:30
/home/airflow/.local/lib/python3.7/site-packages/airflow/example_dags/example_local_kubernetes_executor.py                                 1           0  0.20s           2022-11-13T00:47:30
/home/airflow/.local/lib/python3.7/site-packages/airflow/example_dags/example_branch_labels.py                                             1           0  0.19s           2022-11-13T00:47:30
/home/airflow/.local/lib/python3.7/site-packages/airflow/example_dags/example_branch_day_of_week_operator.py                               1           0  0.20s           2022-11-13T00:47:30
/home/airflow/.local/lib/python3.7/site-packages/airflow/example_dags/example_sla_dag.py                                                   1           0  0.23s           2022-11-13T00:47:30
/home/airflow/.local/lib/python3.7/site-packages/airflow/example_dags/example_xcom.py                                                      1           0  0.25s           2022-11-13T00:47:31
/home/airflow/.local/lib/python3.7/site-packages/airflow/example_dags/tutorial_dag.py                                                      1           0  0.19s           2022-11-13T00:47:31
/home/airflow/.local/lib/python3.7/site-packages/airflow/example_dags/example_trigger_target_dag.py                                        1           0  0.21s           2022-11-13T00:47:31
/home/airflow/.local/lib/python3.7/site-packages/airflow/example_dags/example_skip_dag.py                                                  1           0  0.19s           2022-11-13T00:47:31
/home/airflow/.local/lib/python3.7/site-packages/airflow/example_dags/example_time_delta_sensor_async.py                                   1           0  0.22s           2022-11-13T00:47:31
/home/airflow/.local/lib/python3.7/site-packages/airflow/example_dags/example_nested_branch_dag.py                                         1           0  0.27s           2022-11-13T00:47:31
/home/airflow/.local/lib/python3.7/site-packages/airflow/example_dags/example_task_group_decorator.py                                      1           0  0.20s           2022-11-13T00:47:31
/home/airflow/.local/lib/python3.7/site-packages/airflow/example_dags/example_bash_operator.py                                             1           0  0.20s           2022-11-13T00:47:31
/home/airflow/.local/lib/python3.7/site-packages/airflow/example_dags/example_latest_only.py                                               1           0  0.21s           2022-11-13T00:47:31
/home/airflow/.local/lib/python3.7/site-packages/airflow/example_dags/example_short_circuit_operator.py                                    1           0  0.18s           2022-11-13T00:47:31
/home/airflow/.local/lib/python3.7/site-packages/airflow/example_dags/example_kubernetes_executor.py                                       1           0  0.22s           2022-11-13T00:47:32
/home/airflow/.local/lib/python3.7/site-packages/airflow/example_dags/example_branch_operator_decorator.py                                 1           0  0.22s           2022-11-13T00:47:32
/home/airflow/.local/lib/python3.7/site-packages/airflow/example_dags/example_branch_python_dop_operator_3.py                              1           0  0.17s           2022-11-13T00:47:32
/home/airflow/.local/lib/python3.7/site-packages/airflow/example_dags/example_xcomargs.py                                                  2           0  0.23s           2022-11-13T00:47:30
/home/airflow/.local/lib/python3.7/site-packages/airflow/example_dags/example_external_task_marker_dag.py                                  2           0  0.25s           2022-11-13T00:47:32
/home/airflow/.local/lib/python3.7/site-packages/airflow/example_dags/example_branch_datetime_operator.py                                  3           0  0.27s           2022-11-13T00:47:32
/home/airflow/.local/lib/python3.7/site-packages/airflow/example_dags/example_subdag_operator.py                                           3           0  0.18s           2022-11-13T00:47:32
/home/airflow/.local/lib/python3.7/site-packages/airflow/example_dags/example_datasets.py                                                  6           0  0.33s           2022-11-13T00:47:30
================================================================================
[2022-11-13T00:48:30.674+0000] {manager.py:846} INFO - 
================================================================================
DAG File Processing Stats

File Path                                                                                                           PID  Runtime      # DAGs    # Errors  Last Runtime    Last Run
----------------------------------------------------------------------------------------------------------------  -----  ---------  --------  ----------  --------------  -------------------
/home/airflow/.local/lib/python3.7/site-packages/airflow/example_dags/plugins/workday.py                                                   0           0  0.08s           2022-11-13T00:48:04
/home/airflow/.local/lib/python3.7/site-packages/airflow/example_dags/subdags/subdag.py                                                    0           0  0.09s           2022-11-13T00:48:04
/home/airflow/.local/lib/python3.7/site-packages/airflow/example_dags/tutorial_taskflow_api_virtualenv.py           586  0.01s             1           0  0.23s           2022-11-13T00:48:00
/home/airflow/.local/lib/python3.7/site-packages/airflow/example_dags/example_complex.py                            589  0.01s             1           0  0.24s           2022-11-13T00:48:00
/home/airflow/.local/lib/python3.7/site-packages/airflow/example_dags/example_dag_decorator.py                                             1           0  0.29s           2022-11-13T00:48:00
/home/airflow/.local/lib/python3.7/site-packages/airflow/example_dags/example_short_circuit_decorator.py                                   1           0  0.23s           2022-11-13T00:48:00
/home/airflow/.local/lib/python3.7/site-packages/airflow/example_dags/example_trigger_controller_dag.py                                    1           0  0.21s           2022-11-13T00:48:00
/home/airflow/.local/lib/python3.7/site-packages/airflow/example_dags/example_latest_only_with_trigger.py                                  1           0  0.27s           2022-11-13T00:48:00
/home/airflow/.local/lib/python3.7/site-packages/airflow/example_dags/example_python_operator.py                                           1           0  0.30s           2022-11-13T00:48:00
/home/airflow/.local/lib/python3.7/site-packages/airflow/example_dags/tutorial_taskflow_api.py                                             1           0  0.22s           2022-11-13T00:48:01
/home/airflow/.local/lib/python3.7/site-packages/airflow/example_dags/example_branch_operator.py                                           1           0  0.22s           2022-11-13T00:48:01
/home/airflow/.local/lib/python3.7/site-packages/airflow/example_dags/example_passing_params_via_test_command.py                           1           0  0.24s           2022-11-13T00:48:01
/home/airflow/.local/lib/python3.7/site-packages/airflow/example_dags/tutorial.py                                                          1           0  0.21s           2022-11-13T00:48:01
/home/airflow/.local/lib/python3.7/site-packages/airflow/example_dags/example_task_group.py                                                1           0  0.21s           2022-11-13T00:48:01
/home/airflow/.local/lib/python3.7/site-packages/airflow/example_dags/example_local_kubernetes_executor.py                                 1           0  0.20s           2022-11-13T00:48:01
/home/airflow/.local/lib/python3.7/site-packages/airflow/example_dags/example_branch_labels.py                                             1           0  0.19s           2022-11-13T00:48:01
/home/airflow/.local/lib/python3.7/site-packages/airflow/example_dags/example_branch_day_of_week_operator.py                               1           0  0.21s           2022-11-13T00:48:02
/home/airflow/.local/lib/python3.7/site-packages/airflow/example_dags/example_sla_dag.py                                                   1           0  0.23s           2022-11-13T00:48:02
/home/airflow/.local/lib/python3.7/site-packages/airflow/example_dags/example_xcom.py                                                      1           0  0.22s           2022-11-13T00:48:02
/home/airflow/.local/lib/python3.7/site-packages/airflow/example_dags/tutorial_dag.py                                                      1           0  0.21s           2022-11-13T00:48:02
/home/airflow/.local/lib/python3.7/site-packages/airflow/example_dags/example_trigger_target_dag.py                                        1           0  0.19s           2022-11-13T00:48:02
/home/airflow/.local/lib/python3.7/site-packages/airflow/example_dags/example_skip_dag.py                                                  1           0  0.18s           2022-11-13T00:48:02
/home/airflow/.local/lib/python3.7/site-packages/airflow/example_dags/example_time_delta_sensor_async.py                                   1           0  0.45s           2022-11-13T00:48:02
/home/airflow/.local/lib/python3.7/site-packages/airflow/example_dags/example_nested_branch_dag.py                                         1           0  0.22s           2022-11-13T00:48:02
/home/airflow/.local/lib/python3.7/site-packages/airflow/example_dags/example_task_group_decorator.py                                      1           0  0.23s           2022-11-13T00:48:03
/home/airflow/.local/lib/python3.7/site-packages/airflow/example_dags/example_bash_operator.py                                             1           0  0.24s           2022-11-13T00:48:03
/home/airflow/.local/lib/python3.7/site-packages/airflow/example_dags/example_latest_only.py                                               1           0  0.19s           2022-11-13T00:48:03
/home/airflow/.local/lib/python3.7/site-packages/airflow/example_dags/example_short_circuit_operator.py                                    1           0  0.19s           2022-11-13T00:48:03
/home/airflow/.local/lib/python3.7/site-packages/airflow/example_dags/example_kubernetes_executor.py                                       1           0  0.20s           2022-11-13T00:48:03
/home/airflow/.local/lib/python3.7/site-packages/airflow/example_dags/example_branch_operator_decorator.py                                 1           0  0.22s           2022-11-13T00:48:04
/home/airflow/.local/lib/python3.7/site-packages/airflow/example_dags/example_branch_python_dop_operator_3.py                              1           0  0.28s           2022-11-13T00:48:04
/home/airflow/.local/lib/python3.7/site-packages/airflow/example_dags/example_xcomargs.py                                                  2           0  0.22s           2022-11-13T00:48:01
/home/airflow/.local/lib/python3.7/site-packages/airflow/example_dags/example_external_task_marker_dag.py                                  2           0  0.47s           2022-11-13T00:48:03
/home/airflow/.local/lib/python3.7/site-packages/airflow/example_dags/example_branch_datetime_operator.py                                  3           0  0.20s           2022-11-13T00:48:03
/home/airflow/.local/lib/python3.7/site-packages/airflow/example_dags/example_subdag_operator.py                                           3           0  0.60s           2022-11-13T00:48:04
/home/airflow/.local/lib/python3.7/site-packages/airflow/example_dags/example_datasets.py                                                  6           0  0.35s           2022-11-13T00:48:01
================================================================================
[2022-11-13T00:48:39.443+0000] {manager.py:465} INFO - Exiting gracefully upon receiving signal 15
[2022-11-13T00:51:11.335+0000] {manager.py:483} INFO - Processing files using up to 2 processes at a time 
[2022-11-13T00:51:11.336+0000] {manager.py:484} INFO - Process each file at most once every 30 seconds
[2022-11-13T00:51:11.337+0000] {manager.py:486} INFO - Checking for new files in /opt/airflow/dags every 300 seconds
[2022-11-13T00:51:11.339+0000] {manager.py:724} INFO - Searching for files in /opt/airflow/dags
[2022-11-13T00:51:11.341+0000] {manager.py:727} INFO - There are 0 files in /opt/airflow/dags
[2022-11-13T00:53:06.777+0000] {manager.py:465} INFO - Exiting gracefully upon receiving signal 15
[2022-11-13T00:53:43.605+0000] {manager.py:483} INFO - Processing files using up to 2 processes at a time 
[2022-11-13T00:53:43.607+0000] {manager.py:484} INFO - Process each file at most once every 30 seconds
[2022-11-13T00:53:43.608+0000] {manager.py:486} INFO - Checking for new files in /opt/airflow/dags every 300 seconds
[2022-11-13T00:53:43.609+0000] {manager.py:724} INFO - Searching for files in /opt/airflow/dags
[2022-11-13T00:53:43.621+0000] {manager.py:727} INFO - There are 3 files in /opt/airflow/dags
[2022-11-13T00:53:43.681+0000] {manager.py:846} INFO - 
================================================================================
DAG File Processing Stats

File Path                                             PID  Runtime      # DAGs    # Errors  Last Runtime    Last Run
--------------------------------------------------  -----  ---------  --------  ----------  --------------  ----------
/opt/airflow/dags/dag_with_catchup_and_backfill.py    168  0.02s             0           0
/opt/airflow/dags/dag_with_cron_expression.py         171  0.02s             0           0
/opt/airflow/dags/dag_with_task_flow_api.py                                  0           0
================================================================================
[2022-11-13T00:54:14.155+0000] {manager.py:846} INFO - 
================================================================================
DAG File Processing Stats

File Path                                             PID  Runtime      # DAGs    # Errors  Last Runtime    Last Run
--------------------------------------------------  -----  ---------  --------  ----------  --------------  -------------------
/opt/airflow/dags/dag_with_catchup_and_backfill.py    214  0.01s             1           0  0.35s           2022-11-13T00:53:44
/opt/airflow/dags/dag_with_cron_expression.py         217  0.00s             1           0  0.34s           2022-11-13T00:53:43
/opt/airflow/dags/dag_with_task_flow_api.py                                  1           0  0.26s           2022-11-13T00:53:44
================================================================================
[2022-11-13T00:54:44.478+0000] {manager.py:846} INFO - 
================================================================================
DAG File Processing Stats

File Path                                             PID  Runtime      # DAGs    # Errors  Last Runtime    Last Run
--------------------------------------------------  -----  ---------  --------  ----------  --------------  -------------------
/opt/airflow/dags/dag_with_catchup_and_backfill.py    259  0.01s             1           0  0.15s           2022-11-13T00:54:14
/opt/airflow/dags/dag_with_cron_expression.py         262  0.00s             1           0  0.15s           2022-11-13T00:54:14
/opt/airflow/dags/dag_with_task_flow_api.py                                  1           0  0.15s           2022-11-13T00:54:14
================================================================================
[2022-11-13T00:55:14.815+0000] {manager.py:846} INFO - 
================================================================================
DAG File Processing Stats

File Path                                             PID  Runtime      # DAGs    # Errors  Last Runtime    Last Run
--------------------------------------------------  -----  ---------  --------  ----------  --------------  -------------------
/opt/airflow/dags/dag_with_catchup_and_backfill.py    294  0.01s             1           0  0.15s           2022-11-13T00:54:44
/opt/airflow/dags/dag_with_cron_expression.py         297  0.00s             1           0  0.15s           2022-11-13T00:54:44
/opt/airflow/dags/dag_with_task_flow_api.py                                  1           0  0.14s           2022-11-13T00:54:44
================================================================================
[2022-11-13T00:55:45.219+0000] {manager.py:846} INFO - 
================================================================================
DAG File Processing Stats

File Path                                             PID  Runtime      # DAGs    # Errors  Last Runtime    Last Run
--------------------------------------------------  -----  ---------  --------  ----------  --------------  -------------------
/opt/airflow/dags/dag_with_catchup_and_backfill.py    339  0.01s             1           0  0.25s           2022-11-13T00:55:15
/opt/airflow/dags/dag_with_cron_expression.py         342  0.01s             1           0  0.24s           2022-11-13T00:55:15
/opt/airflow/dags/dag_with_task_flow_api.py                                  1           0  0.21s           2022-11-13T00:55:15
================================================================================
[2022-11-13T00:56:15.607+0000] {manager.py:846} INFO - 
================================================================================
DAG File Processing Stats

File Path                                             PID  Runtime      # DAGs    # Errors  Last Runtime    Last Run
--------------------------------------------------  -----  ---------  --------  ----------  --------------  -------------------
/opt/airflow/dags/dag_with_catchup_and_backfill.py    382  0.01s             1           0  0.16s           2022-11-13T00:55:45
/opt/airflow/dags/dag_with_cron_expression.py         385  0.00s             1           0  0.19s           2022-11-13T00:55:45
/opt/airflow/dags/dag_with_task_flow_api.py                                  1           0  0.17s           2022-11-13T00:55:45
================================================================================
[2022-11-13T00:56:45.957+0000] {manager.py:846} INFO - 
================================================================================
DAG File Processing Stats

File Path                                             PID  Runtime      # DAGs    # Errors  Last Runtime    Last Run
--------------------------------------------------  -----  ---------  --------  ----------  --------------  -------------------
/opt/airflow/dags/dag_with_catchup_and_backfill.py    418  0.01s             1           0  0.17s           2022-11-13T00:56:15
/opt/airflow/dags/dag_with_cron_expression.py         421  0.00s             1           0  0.16s           2022-11-13T00:56:15
/opt/airflow/dags/dag_with_task_flow_api.py                                  1           0  0.18s           2022-11-13T00:56:15
================================================================================
[2022-11-13T00:57:16.261+0000] {manager.py:846} INFO - 
================================================================================
DAG File Processing Stats

File Path                                             PID  Runtime      # DAGs    # Errors  Last Runtime    Last Run
--------------------------------------------------  -----  ---------  --------  ----------  --------------  -------------------
/opt/airflow/dags/dag_with_catchup_and_backfill.py    462  0.01s             1           0  0.15s           2022-11-13T00:56:46
/opt/airflow/dags/dag_with_cron_expression.py         465  0.01s             1           0  0.16s           2022-11-13T00:56:46
/opt/airflow/dags/dag_with_task_flow_api.py                                  1           0  0.17s           2022-11-13T00:56:46
================================================================================
