[2022-11-13T17:12:34.407+0000] {taskinstance.py:1165} INFO - Dependencies all met for <TaskInstance: dag_with_postgres_operator_v1.insert_into_table scheduled__2022-11-08T00:00:00+00:00 [queued]>
[2022-11-13T17:12:34.431+0000] {taskinstance.py:1165} INFO - Dependencies all met for <TaskInstance: dag_with_postgres_operator_v1.insert_into_table scheduled__2022-11-08T00:00:00+00:00 [queued]>
[2022-11-13T17:12:34.433+0000] {taskinstance.py:1362} INFO - 
--------------------------------------------------------------------------------
[2022-11-13T17:12:34.434+0000] {taskinstance.py:1363} INFO - Starting attempt 1 of 6
[2022-11-13T17:12:34.437+0000] {taskinstance.py:1364} INFO - 
--------------------------------------------------------------------------------
[2022-11-13T17:12:34.491+0000] {taskinstance.py:1383} INFO - Executing <Task(PostgresOperator): insert_into_table> on 2022-11-08 00:00:00+00:00
[2022-11-13T17:12:34.498+0000] {standard_task_runner.py:55} INFO - Started process 3428 to run task
[2022-11-13T17:12:34.513+0000] {standard_task_runner.py:82} INFO - Running: ['***', 'tasks', 'run', 'dag_with_postgres_operator_v1', 'insert_into_table', 'scheduled__2022-11-08T00:00:00+00:00', '--job-id', '21', '--raw', '--subdir', 'DAGS_FOLDER/dag_with_postgres_operator.py', '--cfg-path', '/tmp/tmpckbfg1v7']
[2022-11-13T17:12:34.517+0000] {standard_task_runner.py:83} INFO - Job 21: Subtask insert_into_table
[2022-11-13T17:12:34.631+0000] {task_command.py:376} INFO - Running <TaskInstance: dag_with_postgres_operator_v1.insert_into_table scheduled__2022-11-08T00:00:00+00:00 [running]> on host 6a6c6e07e37b
[2022-11-13T17:12:34.885+0000] {taskinstance.py:1592} INFO - Exporting the following env vars:
AIRFLOW_CTX_DAG_OWNER=charlie
AIRFLOW_CTX_DAG_ID=dag_with_postgres_operator_v1
AIRFLOW_CTX_TASK_ID=insert_into_table
AIRFLOW_CTX_EXECUTION_DATE=2022-11-08T00:00:00+00:00
AIRFLOW_CTX_TRY_NUMBER=1
AIRFLOW_CTX_DAG_RUN_ID=scheduled__2022-11-08T00:00:00+00:00
[2022-11-13T17:12:34.911+0000] {base.py:71} INFO - Using connection ID 'postgres_localhost' for task execution.
[2022-11-13T17:12:34.929+0000] {sql.py:315} INFO - Running statement: 
            insert into dag_runs (dt, dag_id) values ('2022-11-08', 'dag_with_postgres_operator_v1')
        , parameters: None
[2022-11-13T17:12:34.934+0000] {sql.py:324} INFO - Rows affected: 1
[2022-11-13T17:12:34.954+0000] {taskinstance.py:1406} INFO - Marking task as SUCCESS. dag_id=dag_with_postgres_operator_v1, task_id=insert_into_table, execution_date=20221108T000000, start_date=20221113T171234, end_date=20221113T171234
[2022-11-13T17:12:35.000+0000] {local_task_job.py:164} INFO - Task exited with return code 0
[2022-11-13T17:12:35.089+0000] {local_task_job.py:273} INFO - 0 downstream tasks scheduled from follow-on schedule check
