[2022-11-13T00:47:30.784+0000] {processor.py:154} INFO - Started process (PID=267) to work on /home/airflow/.local/lib/python3.7/site-packages/airflow/example_dags/example_xcom.py
[2022-11-13T00:47:30.786+0000] {processor.py:756} INFO - Processing file /home/airflow/.local/lib/python3.7/site-packages/airflow/example_dags/example_xcom.py for tasks to queue
[2022-11-13T00:47:30.788+0000] {logging_mixin.py:120} INFO - [2022-11-13T00:47:30.788+0000] {dagbag.py:537} INFO - Filling up the DagBag from /home/airflow/.local/lib/python3.7/site-packages/airflow/example_dags/example_xcom.py
[2022-11-13T00:47:30.837+0000] {processor.py:766} INFO - DAG(s) dict_keys(['example_xcom']) retrieved from /home/airflow/.local/lib/python3.7/site-packages/airflow/example_dags/example_xcom.py
[2022-11-13T00:47:30.909+0000] {logging_mixin.py:120} INFO - [2022-11-13T00:47:30.909+0000] {dag.py:2585} INFO - Sync 1 DAGs
[2022-11-13T00:47:30.954+0000] {logging_mixin.py:120} INFO - [2022-11-13T00:47:30.954+0000] {dag.py:3340} INFO - Setting next_dagrun for example_xcom to 2021-01-01T00:00:00+00:00, run_after=2021-01-01T00:00:00+00:00
[2022-11-13T00:47:30.986+0000] {processor.py:176} INFO - Processing /home/airflow/.local/lib/python3.7/site-packages/airflow/example_dags/example_xcom.py took 0.208 seconds
[2022-11-13T00:48:02.136+0000] {processor.py:154} INFO - Started process (PID=466) to work on /home/airflow/.local/lib/python3.7/site-packages/airflow/example_dags/example_xcom.py
[2022-11-13T00:48:02.139+0000] {processor.py:756} INFO - Processing file /home/airflow/.local/lib/python3.7/site-packages/airflow/example_dags/example_xcom.py for tasks to queue
[2022-11-13T00:48:02.141+0000] {logging_mixin.py:120} INFO - [2022-11-13T00:48:02.140+0000] {dagbag.py:537} INFO - Filling up the DagBag from /home/airflow/.local/lib/python3.7/site-packages/airflow/example_dags/example_xcom.py
[2022-11-13T00:48:02.181+0000] {processor.py:766} INFO - DAG(s) dict_keys(['example_xcom']) retrieved from /home/airflow/.local/lib/python3.7/site-packages/airflow/example_dags/example_xcom.py
[2022-11-13T00:48:02.255+0000] {logging_mixin.py:120} INFO - [2022-11-13T00:48:02.255+0000] {dag.py:2585} INFO - Sync 1 DAGs
[2022-11-13T00:48:02.292+0000] {logging_mixin.py:120} INFO - [2022-11-13T00:48:02.292+0000] {dag.py:3340} INFO - Setting next_dagrun for example_xcom to 2021-01-01T00:00:00+00:00, run_after=2021-01-01T00:00:00+00:00
[2022-11-13T00:48:02.321+0000] {processor.py:176} INFO - Processing /home/airflow/.local/lib/python3.7/site-packages/airflow/example_dags/example_xcom.py took 0.191 seconds
[2022-11-13T00:48:32.909+0000] {processor.py:154} INFO - Started process (PID=674) to work on /home/airflow/.local/lib/python3.7/site-packages/airflow/example_dags/example_xcom.py
[2022-11-13T00:48:32.912+0000] {processor.py:756} INFO - Processing file /home/airflow/.local/lib/python3.7/site-packages/airflow/example_dags/example_xcom.py for tasks to queue
[2022-11-13T00:48:32.913+0000] {logging_mixin.py:120} INFO - [2022-11-13T00:48:32.913+0000] {dagbag.py:537} INFO - Filling up the DagBag from /home/airflow/.local/lib/python3.7/site-packages/airflow/example_dags/example_xcom.py
[2022-11-13T00:48:32.949+0000] {processor.py:766} INFO - DAG(s) dict_keys(['example_xcom']) retrieved from /home/airflow/.local/lib/python3.7/site-packages/airflow/example_dags/example_xcom.py
[2022-11-13T00:48:33.005+0000] {logging_mixin.py:120} INFO - [2022-11-13T00:48:33.005+0000] {dag.py:2585} INFO - Sync 1 DAGs
[2022-11-13T00:48:33.039+0000] {logging_mixin.py:120} INFO - [2022-11-13T00:48:33.039+0000] {dag.py:3340} INFO - Setting next_dagrun for example_xcom to 2021-01-01T00:00:00+00:00, run_after=2021-01-01T00:00:00+00:00
[2022-11-13T00:48:33.062+0000] {processor.py:176} INFO - Processing /home/airflow/.local/lib/python3.7/site-packages/airflow/example_dags/example_xcom.py took 0.157 seconds
