[2022-11-13T00:47:31.116+0000] {processor.py:154} INFO - Started process (PID=282) to work on /home/airflow/.local/lib/python3.7/site-packages/airflow/example_dags/example_skip_dag.py
[2022-11-13T00:47:31.118+0000] {processor.py:756} INFO - Processing file /home/airflow/.local/lib/python3.7/site-packages/airflow/example_dags/example_skip_dag.py for tasks to queue
[2022-11-13T00:47:31.120+0000] {logging_mixin.py:120} INFO - [2022-11-13T00:47:31.119+0000] {dagbag.py:537} INFO - Filling up the DagBag from /home/airflow/.local/lib/python3.7/site-packages/airflow/example_dags/example_skip_dag.py
[2022-11-13T00:47:31.145+0000] {processor.py:766} INFO - DAG(s) dict_keys(['example_skip_dag']) retrieved from /home/airflow/.local/lib/python3.7/site-packages/airflow/example_dags/example_skip_dag.py
[2022-11-13T00:47:31.184+0000] {logging_mixin.py:120} INFO - [2022-11-13T00:47:31.183+0000] {dag.py:2585} INFO - Sync 1 DAGs
[2022-11-13T00:47:31.224+0000] {logging_mixin.py:120} INFO - [2022-11-13T00:47:31.223+0000] {dag.py:3340} INFO - Setting next_dagrun for example_skip_dag to 2022-11-12T00:47:31.223550+00:00, run_after=2022-11-13T00:47:31.223550+00:00
[2022-11-13T00:47:31.258+0000] {processor.py:176} INFO - Processing /home/airflow/.local/lib/python3.7/site-packages/airflow/example_dags/example_skip_dag.py took 0.147 seconds
[2022-11-13T00:48:02.415+0000] {processor.py:154} INFO - Started process (PID=481) to work on /home/airflow/.local/lib/python3.7/site-packages/airflow/example_dags/example_skip_dag.py
[2022-11-13T00:48:02.417+0000] {processor.py:756} INFO - Processing file /home/airflow/.local/lib/python3.7/site-packages/airflow/example_dags/example_skip_dag.py for tasks to queue
[2022-11-13T00:48:02.419+0000] {logging_mixin.py:120} INFO - [2022-11-13T00:48:02.418+0000] {dagbag.py:537} INFO - Filling up the DagBag from /home/airflow/.local/lib/python3.7/site-packages/airflow/example_dags/example_skip_dag.py
[2022-11-13T00:48:02.439+0000] {processor.py:766} INFO - DAG(s) dict_keys(['example_skip_dag']) retrieved from /home/airflow/.local/lib/python3.7/site-packages/airflow/example_dags/example_skip_dag.py
[2022-11-13T00:48:02.491+0000] {logging_mixin.py:120} INFO - [2022-11-13T00:48:02.491+0000] {dag.py:2585} INFO - Sync 1 DAGs
[2022-11-13T00:48:02.527+0000] {logging_mixin.py:120} INFO - [2022-11-13T00:48:02.527+0000] {dag.py:3340} INFO - Setting next_dagrun for example_skip_dag to 2022-11-12T00:48:02.527019+00:00, run_after=2022-11-13T00:48:02.527019+00:00
[2022-11-13T00:48:02.557+0000] {processor.py:176} INFO - Processing /home/airflow/.local/lib/python3.7/site-packages/airflow/example_dags/example_skip_dag.py took 0.147 seconds
[2022-11-13T00:48:33.142+0000] {processor.py:154} INFO - Started process (PID=689) to work on /home/airflow/.local/lib/python3.7/site-packages/airflow/example_dags/example_skip_dag.py
[2022-11-13T00:48:33.144+0000] {processor.py:756} INFO - Processing file /home/airflow/.local/lib/python3.7/site-packages/airflow/example_dags/example_skip_dag.py for tasks to queue
[2022-11-13T00:48:33.145+0000] {logging_mixin.py:120} INFO - [2022-11-13T00:48:33.145+0000] {dagbag.py:537} INFO - Filling up the DagBag from /home/airflow/.local/lib/python3.7/site-packages/airflow/example_dags/example_skip_dag.py
[2022-11-13T00:48:33.166+0000] {processor.py:766} INFO - DAG(s) dict_keys(['example_skip_dag']) retrieved from /home/airflow/.local/lib/python3.7/site-packages/airflow/example_dags/example_skip_dag.py
[2022-11-13T00:48:33.227+0000] {logging_mixin.py:120} INFO - [2022-11-13T00:48:33.227+0000] {dag.py:2585} INFO - Sync 1 DAGs
[2022-11-13T00:48:33.262+0000] {logging_mixin.py:120} INFO - [2022-11-13T00:48:33.262+0000] {dag.py:3340} INFO - Setting next_dagrun for example_skip_dag to 2022-11-12T00:48:33.262373+00:00, run_after=2022-11-13T00:48:33.262373+00:00
[2022-11-13T00:48:33.294+0000] {processor.py:176} INFO - Processing /home/airflow/.local/lib/python3.7/site-packages/airflow/example_dags/example_skip_dag.py took 0.158 seconds
