[2022-11-13T00:47:29.668+0000] {processor.py:154} INFO - Started process (PID=207) to work on /home/airflow/.local/lib/python3.7/site-packages/airflow/example_dags/example_branch_operator.py
[2022-11-13T00:47:29.674+0000] {processor.py:756} INFO - Processing file /home/airflow/.local/lib/python3.7/site-packages/airflow/example_dags/example_branch_operator.py for tasks to queue
[2022-11-13T00:47:29.677+0000] {logging_mixin.py:120} INFO - [2022-11-13T00:47:29.677+0000] {dagbag.py:537} INFO - Filling up the DagBag from /home/airflow/.local/lib/python3.7/site-packages/airflow/example_dags/example_branch_operator.py
[2022-11-13T00:47:29.712+0000] {processor.py:766} INFO - DAG(s) dict_keys(['example_branch_operator']) retrieved from /home/airflow/.local/lib/python3.7/site-packages/airflow/example_dags/example_branch_operator.py
[2022-11-13T00:47:29.751+0000] {logging_mixin.py:120} INFO - [2022-11-13T00:47:29.751+0000] {dag.py:2585} INFO - Sync 1 DAGs
[2022-11-13T00:47:29.787+0000] {logging_mixin.py:120} INFO - [2022-11-13T00:47:29.787+0000] {dag.py:3340} INFO - Setting next_dagrun for example_branch_operator to 2022-11-12T00:00:00+00:00, run_after=2022-11-13T00:00:00+00:00
[2022-11-13T00:47:29.814+0000] {processor.py:176} INFO - Processing /home/airflow/.local/lib/python3.7/site-packages/airflow/example_dags/example_branch_operator.py took 0.154 seconds
[2022-11-13T00:48:00.912+0000] {processor.py:154} INFO - Started process (PID=416) to work on /home/airflow/.local/lib/python3.7/site-packages/airflow/example_dags/example_branch_operator.py
[2022-11-13T00:48:00.914+0000] {processor.py:756} INFO - Processing file /home/airflow/.local/lib/python3.7/site-packages/airflow/example_dags/example_branch_operator.py for tasks to queue
[2022-11-13T00:48:00.916+0000] {logging_mixin.py:120} INFO - [2022-11-13T00:48:00.916+0000] {dagbag.py:537} INFO - Filling up the DagBag from /home/airflow/.local/lib/python3.7/site-packages/airflow/example_dags/example_branch_operator.py
[2022-11-13T00:48:00.943+0000] {processor.py:766} INFO - DAG(s) dict_keys(['example_branch_operator']) retrieved from /home/airflow/.local/lib/python3.7/site-packages/airflow/example_dags/example_branch_operator.py
[2022-11-13T00:48:01.007+0000] {logging_mixin.py:120} INFO - [2022-11-13T00:48:01.007+0000] {dag.py:2585} INFO - Sync 1 DAGs
[2022-11-13T00:48:01.055+0000] {logging_mixin.py:120} INFO - [2022-11-13T00:48:01.055+0000] {dag.py:3340} INFO - Setting next_dagrun for example_branch_operator to 2022-11-12T00:00:00+00:00, run_after=2022-11-13T00:00:00+00:00
[2022-11-13T00:48:01.089+0000] {processor.py:176} INFO - Processing /home/airflow/.local/lib/python3.7/site-packages/airflow/example_dags/example_branch_operator.py took 0.182 seconds
[2022-11-13T00:48:31.733+0000] {processor.py:154} INFO - Started process (PID=626) to work on /home/airflow/.local/lib/python3.7/site-packages/airflow/example_dags/example_branch_operator.py
[2022-11-13T00:48:31.736+0000] {processor.py:756} INFO - Processing file /home/airflow/.local/lib/python3.7/site-packages/airflow/example_dags/example_branch_operator.py for tasks to queue
[2022-11-13T00:48:31.738+0000] {logging_mixin.py:120} INFO - [2022-11-13T00:48:31.737+0000] {dagbag.py:537} INFO - Filling up the DagBag from /home/airflow/.local/lib/python3.7/site-packages/airflow/example_dags/example_branch_operator.py
[2022-11-13T00:48:31.767+0000] {processor.py:766} INFO - DAG(s) dict_keys(['example_branch_operator']) retrieved from /home/airflow/.local/lib/python3.7/site-packages/airflow/example_dags/example_branch_operator.py
[2022-11-13T00:48:31.828+0000] {logging_mixin.py:120} INFO - [2022-11-13T00:48:31.828+0000] {dag.py:2585} INFO - Sync 1 DAGs
[2022-11-13T00:48:31.870+0000] {logging_mixin.py:120} INFO - [2022-11-13T00:48:31.869+0000] {dag.py:3340} INFO - Setting next_dagrun for example_branch_operator to 2022-11-12T00:00:00+00:00, run_after=2022-11-13T00:00:00+00:00
[2022-11-13T00:48:31.927+0000] {processor.py:176} INFO - Processing /home/airflow/.local/lib/python3.7/site-packages/airflow/example_dags/example_branch_operator.py took 0.200 seconds
