[2022-11-13T00:47:31.907+0000] {processor.py:154} INFO - Started process (PID=317) to work on /home/airflow/.local/lib/python3.7/site-packages/airflow/example_dags/example_branch_datetime_operator.py
[2022-11-13T00:47:31.909+0000] {processor.py:756} INFO - Processing file /home/airflow/.local/lib/python3.7/site-packages/airflow/example_dags/example_branch_datetime_operator.py for tasks to queue
[2022-11-13T00:47:31.913+0000] {logging_mixin.py:120} INFO - [2022-11-13T00:47:31.912+0000] {dagbag.py:537} INFO - Filling up the DagBag from /home/airflow/.local/lib/python3.7/site-packages/airflow/example_dags/example_branch_datetime_operator.py
[2022-11-13T00:47:31.967+0000] {processor.py:766} INFO - DAG(s) dict_keys(['example_branch_datetime_operator_2', 'example_branch_datetime_operator_3', 'example_branch_datetime_operator']) retrieved from /home/airflow/.local/lib/python3.7/site-packages/airflow/example_dags/example_branch_datetime_operator.py
[2022-11-13T00:47:32.011+0000] {logging_mixin.py:120} INFO - [2022-11-13T00:47:32.011+0000] {dag.py:2585} INFO - Sync 3 DAGs
[2022-11-13T00:47:32.064+0000] {logging_mixin.py:120} INFO - [2022-11-13T00:47:32.063+0000] {dag.py:3340} INFO - Setting next_dagrun for example_branch_datetime_operator to 2022-11-12T00:00:00+00:00, run_after=2022-11-13T00:00:00+00:00
[2022-11-13T00:47:32.083+0000] {logging_mixin.py:120} INFO - [2022-11-13T00:47:32.082+0000] {dag.py:3340} INFO - Setting next_dagrun for example_branch_datetime_operator_2 to 2022-11-12T00:00:00+00:00, run_after=2022-11-13T00:00:00+00:00
[2022-11-13T00:47:32.092+0000] {logging_mixin.py:120} INFO - [2022-11-13T00:47:32.092+0000] {dag.py:3340} INFO - Setting next_dagrun for example_branch_datetime_operator_3 to 2022-11-12T00:00:00+00:00, run_after=2022-11-13T00:00:00+00:00
[2022-11-13T00:47:32.127+0000] {processor.py:176} INFO - Processing /home/airflow/.local/lib/python3.7/site-packages/airflow/example_dags/example_branch_datetime_operator.py took 0.227 seconds
[2022-11-13T00:48:03.442+0000] {processor.py:154} INFO - Started process (PID=518) to work on /home/airflow/.local/lib/python3.7/site-packages/airflow/example_dags/example_branch_datetime_operator.py
[2022-11-13T00:48:03.444+0000] {processor.py:756} INFO - Processing file /home/airflow/.local/lib/python3.7/site-packages/airflow/example_dags/example_branch_datetime_operator.py for tasks to queue
[2022-11-13T00:48:03.446+0000] {logging_mixin.py:120} INFO - [2022-11-13T00:48:03.445+0000] {dagbag.py:537} INFO - Filling up the DagBag from /home/airflow/.local/lib/python3.7/site-packages/airflow/example_dags/example_branch_datetime_operator.py
[2022-11-13T00:48:03.471+0000] {processor.py:766} INFO - DAG(s) dict_keys(['example_branch_datetime_operator_2', 'example_branch_datetime_operator', 'example_branch_datetime_operator_3']) retrieved from /home/airflow/.local/lib/python3.7/site-packages/airflow/example_dags/example_branch_datetime_operator.py
[2022-11-13T00:48:03.543+0000] {logging_mixin.py:120} INFO - [2022-11-13T00:48:03.543+0000] {dag.py:2585} INFO - Sync 3 DAGs
[2022-11-13T00:48:03.579+0000] {logging_mixin.py:120} INFO - [2022-11-13T00:48:03.578+0000] {dag.py:3340} INFO - Setting next_dagrun for example_branch_datetime_operator to 2022-11-12T00:00:00+00:00, run_after=2022-11-13T00:00:00+00:00
[2022-11-13T00:48:03.586+0000] {logging_mixin.py:120} INFO - [2022-11-13T00:48:03.586+0000] {dag.py:3340} INFO - Setting next_dagrun for example_branch_datetime_operator_2 to 2022-11-12T00:00:00+00:00, run_after=2022-11-13T00:00:00+00:00
[2022-11-13T00:48:03.590+0000] {logging_mixin.py:120} INFO - [2022-11-13T00:48:03.590+0000] {dag.py:3340} INFO - Setting next_dagrun for example_branch_datetime_operator_3 to 2022-11-12T00:00:00+00:00, run_after=2022-11-13T00:00:00+00:00
[2022-11-13T00:48:03.612+0000] {processor.py:176} INFO - Processing /home/airflow/.local/lib/python3.7/site-packages/airflow/example_dags/example_branch_datetime_operator.py took 0.175 seconds
[2022-11-13T00:48:34.063+0000] {processor.py:154} INFO - Started process (PID=726) to work on /home/airflow/.local/lib/python3.7/site-packages/airflow/example_dags/example_branch_datetime_operator.py
[2022-11-13T00:48:34.067+0000] {processor.py:756} INFO - Processing file /home/airflow/.local/lib/python3.7/site-packages/airflow/example_dags/example_branch_datetime_operator.py for tasks to queue
[2022-11-13T00:48:34.069+0000] {logging_mixin.py:120} INFO - [2022-11-13T00:48:34.068+0000] {dagbag.py:537} INFO - Filling up the DagBag from /home/airflow/.local/lib/python3.7/site-packages/airflow/example_dags/example_branch_datetime_operator.py
[2022-11-13T00:48:34.097+0000] {processor.py:766} INFO - DAG(s) dict_keys(['example_branch_datetime_operator_3', 'example_branch_datetime_operator_2', 'example_branch_datetime_operator']) retrieved from /home/airflow/.local/lib/python3.7/site-packages/airflow/example_dags/example_branch_datetime_operator.py
[2022-11-13T00:48:34.164+0000] {logging_mixin.py:120} INFO - [2022-11-13T00:48:34.164+0000] {dag.py:2585} INFO - Sync 3 DAGs
[2022-11-13T00:48:34.200+0000] {logging_mixin.py:120} INFO - [2022-11-13T00:48:34.199+0000] {dag.py:3340} INFO - Setting next_dagrun for example_branch_datetime_operator to 2022-11-12T00:00:00+00:00, run_after=2022-11-13T00:00:00+00:00
[2022-11-13T00:48:34.206+0000] {logging_mixin.py:120} INFO - [2022-11-13T00:48:34.206+0000] {dag.py:3340} INFO - Setting next_dagrun for example_branch_datetime_operator_2 to 2022-11-12T00:00:00+00:00, run_after=2022-11-13T00:00:00+00:00
[2022-11-13T00:48:34.210+0000] {logging_mixin.py:120} INFO - [2022-11-13T00:48:34.210+0000] {dag.py:3340} INFO - Setting next_dagrun for example_branch_datetime_operator_3 to 2022-11-12T00:00:00+00:00, run_after=2022-11-13T00:00:00+00:00
[2022-11-13T00:48:34.232+0000] {processor.py:176} INFO - Processing /home/airflow/.local/lib/python3.7/site-packages/airflow/example_dags/example_branch_datetime_operator.py took 0.176 seconds
