[2022-11-13T00:47:29.466+0000] {processor.py:154} INFO - Started process (PID=197) to work on /home/airflow/.local/lib/python3.7/site-packages/airflow/example_dags/example_python_operator.py
[2022-11-13T00:47:29.468+0000] {processor.py:756} INFO - Processing file /home/airflow/.local/lib/python3.7/site-packages/airflow/example_dags/example_python_operator.py for tasks to queue
[2022-11-13T00:47:29.469+0000] {logging_mixin.py:120} INFO - [2022-11-13T00:47:29.469+0000] {dagbag.py:537} INFO - Filling up the DagBag from /home/airflow/.local/lib/python3.7/site-packages/airflow/example_dags/example_python_operator.py
[2022-11-13T00:47:29.489+0000] {logging_mixin.py:120} INFO - [2022-11-13T00:47:29.489+0000] {taskmixin.py:205} WARNING - Dependency <Task(_PythonDecoratedOperator): print_the_context>, log_sql_query already registered for DAG: example_python_operator
[2022-11-13T00:47:29.490+0000] {logging_mixin.py:120} INFO - [2022-11-13T00:47:29.490+0000] {taskmixin.py:205} WARNING - Dependency <Task(_PythonDecoratedOperator): log_sql_query>, print_the_context already registered for DAG: example_python_operator
[2022-11-13T00:47:29.492+0000] {logging_mixin.py:120} INFO - [2022-11-13T00:47:29.492+0000] {taskmixin.py:205} WARNING - Dependency <Task(_PythonDecoratedOperator): print_the_context>, log_sql_query already registered for DAG: example_python_operator
[2022-11-13T00:47:29.493+0000] {logging_mixin.py:120} INFO - [2022-11-13T00:47:29.492+0000] {taskmixin.py:205} WARNING - Dependency <Task(_PythonDecoratedOperator): log_sql_query>, print_the_context already registered for DAG: example_python_operator
[2022-11-13T00:47:29.494+0000] {logging_mixin.py:120} INFO - [2022-11-13T00:47:29.494+0000] {taskmixin.py:205} WARNING - Dependency <Task(_PythonDecoratedOperator): print_the_context>, log_sql_query already registered for DAG: example_python_operator
[2022-11-13T00:47:29.495+0000] {logging_mixin.py:120} INFO - [2022-11-13T00:47:29.495+0000] {taskmixin.py:205} WARNING - Dependency <Task(_PythonDecoratedOperator): log_sql_query>, print_the_context already registered for DAG: example_python_operator
[2022-11-13T00:47:29.501+0000] {logging_mixin.py:120} INFO - [2022-11-13T00:47:29.500+0000] {taskmixin.py:205} WARNING - Dependency <Task(_PythonDecoratedOperator): print_the_context>, log_sql_query already registered for DAG: example_python_operator
[2022-11-13T00:47:29.502+0000] {logging_mixin.py:120} INFO - [2022-11-13T00:47:29.501+0000] {taskmixin.py:205} WARNING - Dependency <Task(_PythonDecoratedOperator): log_sql_query>, print_the_context already registered for DAG: example_python_operator
[2022-11-13T00:47:29.512+0000] {processor.py:766} INFO - DAG(s) dict_keys(['example_python_operator']) retrieved from /home/airflow/.local/lib/python3.7/site-packages/airflow/example_dags/example_python_operator.py
[2022-11-13T00:47:29.547+0000] {logging_mixin.py:120} INFO - [2022-11-13T00:47:29.547+0000] {dag.py:2585} INFO - Sync 1 DAGs
[2022-11-13T00:47:29.581+0000] {logging_mixin.py:120} INFO - [2022-11-13T00:47:29.580+0000] {dag.py:3340} INFO - Setting next_dagrun for example_python_operator to None, run_after=None
[2022-11-13T00:47:29.608+0000] {processor.py:176} INFO - Processing /home/airflow/.local/lib/python3.7/site-packages/airflow/example_dags/example_python_operator.py took 0.146 seconds
[2022-11-13T00:48:00.613+0000] {processor.py:154} INFO - Started process (PID=406) to work on /home/airflow/.local/lib/python3.7/site-packages/airflow/example_dags/example_python_operator.py
[2022-11-13T00:48:00.616+0000] {processor.py:756} INFO - Processing file /home/airflow/.local/lib/python3.7/site-packages/airflow/example_dags/example_python_operator.py for tasks to queue
[2022-11-13T00:48:00.618+0000] {logging_mixin.py:120} INFO - [2022-11-13T00:48:00.618+0000] {dagbag.py:537} INFO - Filling up the DagBag from /home/airflow/.local/lib/python3.7/site-packages/airflow/example_dags/example_python_operator.py
[2022-11-13T00:48:00.658+0000] {logging_mixin.py:120} INFO - [2022-11-13T00:48:00.658+0000] {taskmixin.py:205} WARNING - Dependency <Task(_PythonDecoratedOperator): print_the_context>, log_sql_query already registered for DAG: example_python_operator
[2022-11-13T00:48:00.660+0000] {logging_mixin.py:120} INFO - [2022-11-13T00:48:00.660+0000] {taskmixin.py:205} WARNING - Dependency <Task(_PythonDecoratedOperator): log_sql_query>, print_the_context already registered for DAG: example_python_operator
[2022-11-13T00:48:00.663+0000] {logging_mixin.py:120} INFO - [2022-11-13T00:48:00.663+0000] {taskmixin.py:205} WARNING - Dependency <Task(_PythonDecoratedOperator): print_the_context>, log_sql_query already registered for DAG: example_python_operator
[2022-11-13T00:48:00.665+0000] {logging_mixin.py:120} INFO - [2022-11-13T00:48:00.665+0000] {taskmixin.py:205} WARNING - Dependency <Task(_PythonDecoratedOperator): log_sql_query>, print_the_context already registered for DAG: example_python_operator
[2022-11-13T00:48:00.667+0000] {logging_mixin.py:120} INFO - [2022-11-13T00:48:00.667+0000] {taskmixin.py:205} WARNING - Dependency <Task(_PythonDecoratedOperator): print_the_context>, log_sql_query already registered for DAG: example_python_operator
[2022-11-13T00:48:00.668+0000] {logging_mixin.py:120} INFO - [2022-11-13T00:48:00.668+0000] {taskmixin.py:205} WARNING - Dependency <Task(_PythonDecoratedOperator): log_sql_query>, print_the_context already registered for DAG: example_python_operator
[2022-11-13T00:48:00.670+0000] {logging_mixin.py:120} INFO - [2022-11-13T00:48:00.670+0000] {taskmixin.py:205} WARNING - Dependency <Task(_PythonDecoratedOperator): print_the_context>, log_sql_query already registered for DAG: example_python_operator
[2022-11-13T00:48:00.671+0000] {logging_mixin.py:120} INFO - [2022-11-13T00:48:00.671+0000] {taskmixin.py:205} WARNING - Dependency <Task(_PythonDecoratedOperator): log_sql_query>, print_the_context already registered for DAG: example_python_operator
[2022-11-13T00:48:00.684+0000] {processor.py:766} INFO - DAG(s) dict_keys(['example_python_operator']) retrieved from /home/airflow/.local/lib/python3.7/site-packages/airflow/example_dags/example_python_operator.py
[2022-11-13T00:48:00.767+0000] {logging_mixin.py:120} INFO - [2022-11-13T00:48:00.767+0000] {dag.py:2585} INFO - Sync 1 DAGs
[2022-11-13T00:48:00.817+0000] {logging_mixin.py:120} INFO - [2022-11-13T00:48:00.817+0000] {dag.py:3340} INFO - Setting next_dagrun for example_python_operator to None, run_after=None
[2022-11-13T00:48:00.856+0000] {processor.py:176} INFO - Processing /home/airflow/.local/lib/python3.7/site-packages/airflow/example_dags/example_python_operator.py took 0.249 seconds
[2022-11-13T00:48:31.375+0000] {processor.py:154} INFO - Started process (PID=614) to work on /home/airflow/.local/lib/python3.7/site-packages/airflow/example_dags/example_python_operator.py
[2022-11-13T00:48:31.378+0000] {processor.py:756} INFO - Processing file /home/airflow/.local/lib/python3.7/site-packages/airflow/example_dags/example_python_operator.py for tasks to queue
[2022-11-13T00:48:31.381+0000] {logging_mixin.py:120} INFO - [2022-11-13T00:48:31.380+0000] {dagbag.py:537} INFO - Filling up the DagBag from /home/airflow/.local/lib/python3.7/site-packages/airflow/example_dags/example_python_operator.py
[2022-11-13T00:48:31.418+0000] {logging_mixin.py:120} INFO - [2022-11-13T00:48:31.418+0000] {taskmixin.py:205} WARNING - Dependency <Task(_PythonDecoratedOperator): print_the_context>, log_sql_query already registered for DAG: example_python_operator
[2022-11-13T00:48:31.420+0000] {logging_mixin.py:120} INFO - [2022-11-13T00:48:31.420+0000] {taskmixin.py:205} WARNING - Dependency <Task(_PythonDecoratedOperator): log_sql_query>, print_the_context already registered for DAG: example_python_operator
[2022-11-13T00:48:31.425+0000] {logging_mixin.py:120} INFO - [2022-11-13T00:48:31.424+0000] {taskmixin.py:205} WARNING - Dependency <Task(_PythonDecoratedOperator): print_the_context>, log_sql_query already registered for DAG: example_python_operator
[2022-11-13T00:48:31.428+0000] {logging_mixin.py:120} INFO - [2022-11-13T00:48:31.427+0000] {taskmixin.py:205} WARNING - Dependency <Task(_PythonDecoratedOperator): log_sql_query>, print_the_context already registered for DAG: example_python_operator
[2022-11-13T00:48:31.432+0000] {logging_mixin.py:120} INFO - [2022-11-13T00:48:31.432+0000] {taskmixin.py:205} WARNING - Dependency <Task(_PythonDecoratedOperator): print_the_context>, log_sql_query already registered for DAG: example_python_operator
[2022-11-13T00:48:31.433+0000] {logging_mixin.py:120} INFO - [2022-11-13T00:48:31.433+0000] {taskmixin.py:205} WARNING - Dependency <Task(_PythonDecoratedOperator): log_sql_query>, print_the_context already registered for DAG: example_python_operator
[2022-11-13T00:48:31.436+0000] {logging_mixin.py:120} INFO - [2022-11-13T00:48:31.435+0000] {taskmixin.py:205} WARNING - Dependency <Task(_PythonDecoratedOperator): print_the_context>, log_sql_query already registered for DAG: example_python_operator
[2022-11-13T00:48:31.437+0000] {logging_mixin.py:120} INFO - [2022-11-13T00:48:31.437+0000] {taskmixin.py:205} WARNING - Dependency <Task(_PythonDecoratedOperator): log_sql_query>, print_the_context already registered for DAG: example_python_operator
[2022-11-13T00:48:31.480+0000] {processor.py:766} INFO - DAG(s) dict_keys(['example_python_operator']) retrieved from /home/airflow/.local/lib/python3.7/site-packages/airflow/example_dags/example_python_operator.py
[2022-11-13T00:48:31.578+0000] {logging_mixin.py:120} INFO - [2022-11-13T00:48:31.578+0000] {dag.py:2585} INFO - Sync 1 DAGs
[2022-11-13T00:48:31.652+0000] {logging_mixin.py:120} INFO - [2022-11-13T00:48:31.652+0000] {dag.py:3340} INFO - Setting next_dagrun for example_python_operator to None, run_after=None
[2022-11-13T00:48:31.685+0000] {processor.py:176} INFO - Processing /home/airflow/.local/lib/python3.7/site-packages/airflow/example_dags/example_python_operator.py took 0.318 seconds
