[2022-11-13T00:47:31.686+0000] {processor.py:154} INFO - Started process (PID=307) to work on /home/airflow/.local/lib/python3.7/site-packages/airflow/example_dags/example_latest_only.py
[2022-11-13T00:47:31.688+0000] {processor.py:756} INFO - Processing file /home/airflow/.local/lib/python3.7/site-packages/airflow/example_dags/example_latest_only.py for tasks to queue
[2022-11-13T00:47:31.690+0000] {logging_mixin.py:120} INFO - [2022-11-13T00:47:31.690+0000] {dagbag.py:537} INFO - Filling up the DagBag from /home/airflow/.local/lib/python3.7/site-packages/airflow/example_dags/example_latest_only.py
[2022-11-13T00:47:31.715+0000] {processor.py:766} INFO - DAG(s) dict_keys(['latest_only']) retrieved from /home/airflow/.local/lib/python3.7/site-packages/airflow/example_dags/example_latest_only.py
[2022-11-13T00:47:31.769+0000] {logging_mixin.py:120} INFO - [2022-11-13T00:47:31.769+0000] {dag.py:2585} INFO - Sync 1 DAGs
[2022-11-13T00:47:31.804+0000] {logging_mixin.py:120} INFO - [2022-11-13T00:47:31.804+0000] {dag.py:3340} INFO - Setting next_dagrun for latest_only to 2022-11-12T20:47:31.804435+00:00, run_after=2022-11-13T00:47:31.804435+00:00
[2022-11-13T00:47:31.857+0000] {processor.py:176} INFO - Processing /home/airflow/.local/lib/python3.7/site-packages/airflow/example_dags/example_latest_only.py took 0.176 seconds
[2022-11-13T00:48:03.057+0000] {processor.py:154} INFO - Started process (PID=506) to work on /home/airflow/.local/lib/python3.7/site-packages/airflow/example_dags/example_latest_only.py
[2022-11-13T00:48:03.059+0000] {processor.py:756} INFO - Processing file /home/airflow/.local/lib/python3.7/site-packages/airflow/example_dags/example_latest_only.py for tasks to queue
[2022-11-13T00:48:03.060+0000] {logging_mixin.py:120} INFO - [2022-11-13T00:48:03.060+0000] {dagbag.py:537} INFO - Filling up the DagBag from /home/airflow/.local/lib/python3.7/site-packages/airflow/example_dags/example_latest_only.py
[2022-11-13T00:48:03.082+0000] {processor.py:766} INFO - DAG(s) dict_keys(['latest_only']) retrieved from /home/airflow/.local/lib/python3.7/site-packages/airflow/example_dags/example_latest_only.py
[2022-11-13T00:48:03.152+0000] {logging_mixin.py:120} INFO - [2022-11-13T00:48:03.152+0000] {dag.py:2585} INFO - Sync 1 DAGs
[2022-11-13T00:48:03.188+0000] {logging_mixin.py:120} INFO - [2022-11-13T00:48:03.188+0000] {dag.py:3340} INFO - Setting next_dagrun for latest_only to 2022-11-12T20:48:03.188041+00:00, run_after=2022-11-13T00:48:03.188041+00:00
[2022-11-13T00:48:03.212+0000] {processor.py:176} INFO - Processing /home/airflow/.local/lib/python3.7/site-packages/airflow/example_dags/example_latest_only.py took 0.160 seconds
[2022-11-13T00:48:33.708+0000] {processor.py:154} INFO - Started process (PID=714) to work on /home/airflow/.local/lib/python3.7/site-packages/airflow/example_dags/example_latest_only.py
[2022-11-13T00:48:33.711+0000] {processor.py:756} INFO - Processing file /home/airflow/.local/lib/python3.7/site-packages/airflow/example_dags/example_latest_only.py for tasks to queue
[2022-11-13T00:48:33.712+0000] {logging_mixin.py:120} INFO - [2022-11-13T00:48:33.712+0000] {dagbag.py:537} INFO - Filling up the DagBag from /home/airflow/.local/lib/python3.7/site-packages/airflow/example_dags/example_latest_only.py
[2022-11-13T00:48:33.735+0000] {processor.py:766} INFO - DAG(s) dict_keys(['latest_only']) retrieved from /home/airflow/.local/lib/python3.7/site-packages/airflow/example_dags/example_latest_only.py
[2022-11-13T00:48:33.790+0000] {logging_mixin.py:120} INFO - [2022-11-13T00:48:33.789+0000] {dag.py:2585} INFO - Sync 1 DAGs
[2022-11-13T00:48:33.826+0000] {logging_mixin.py:120} INFO - [2022-11-13T00:48:33.826+0000] {dag.py:3340} INFO - Setting next_dagrun for latest_only to 2022-11-12T20:48:33.826316+00:00, run_after=2022-11-13T00:48:33.826316+00:00
[2022-11-13T00:48:33.852+0000] {processor.py:176} INFO - Processing /home/airflow/.local/lib/python3.7/site-packages/airflow/example_dags/example_latest_only.py took 0.148 seconds
