[2022-11-13T00:47:31.581+0000] {processor.py:154} INFO - Started process (PID=302) to work on /home/airflow/.local/lib/python3.7/site-packages/airflow/example_dags/example_bash_operator.py
[2022-11-13T00:47:31.583+0000] {processor.py:756} INFO - Processing file /home/airflow/.local/lib/python3.7/site-packages/airflow/example_dags/example_bash_operator.py for tasks to queue
[2022-11-13T00:47:31.585+0000] {logging_mixin.py:120} INFO - [2022-11-13T00:47:31.584+0000] {dagbag.py:537} INFO - Filling up the DagBag from /home/airflow/.local/lib/python3.7/site-packages/airflow/example_dags/example_bash_operator.py
[2022-11-13T00:47:31.622+0000] {processor.py:766} INFO - DAG(s) dict_keys(['example_bash_operator']) retrieved from /home/airflow/.local/lib/python3.7/site-packages/airflow/example_dags/example_bash_operator.py
[2022-11-13T00:47:31.667+0000] {logging_mixin.py:120} INFO - [2022-11-13T00:47:31.667+0000] {dag.py:2585} INFO - Sync 1 DAGs
[2022-11-13T00:47:31.709+0000] {logging_mixin.py:120} INFO - [2022-11-13T00:47:31.709+0000] {dag.py:3340} INFO - Setting next_dagrun for example_bash_operator to 2022-11-12T00:00:00+00:00, run_after=2022-11-13T00:00:00+00:00
[2022-11-13T00:47:31.738+0000] {processor.py:176} INFO - Processing /home/airflow/.local/lib/python3.7/site-packages/airflow/example_dags/example_bash_operator.py took 0.162 seconds
[2022-11-13T00:48:03.016+0000] {processor.py:154} INFO - Started process (PID=501) to work on /home/airflow/.local/lib/python3.7/site-packages/airflow/example_dags/example_bash_operator.py
[2022-11-13T00:48:03.018+0000] {processor.py:756} INFO - Processing file /home/airflow/.local/lib/python3.7/site-packages/airflow/example_dags/example_bash_operator.py for tasks to queue
[2022-11-13T00:48:03.021+0000] {logging_mixin.py:120} INFO - [2022-11-13T00:48:03.020+0000] {dagbag.py:537} INFO - Filling up the DagBag from /home/airflow/.local/lib/python3.7/site-packages/airflow/example_dags/example_bash_operator.py
[2022-11-13T00:48:03.057+0000] {processor.py:766} INFO - DAG(s) dict_keys(['example_bash_operator']) retrieved from /home/airflow/.local/lib/python3.7/site-packages/airflow/example_dags/example_bash_operator.py
[2022-11-13T00:48:03.148+0000] {logging_mixin.py:120} INFO - [2022-11-13T00:48:03.148+0000] {dag.py:2585} INFO - Sync 1 DAGs
[2022-11-13T00:48:03.187+0000] {logging_mixin.py:120} INFO - [2022-11-13T00:48:03.187+0000] {dag.py:3340} INFO - Setting next_dagrun for example_bash_operator to 2022-11-12T00:00:00+00:00, run_after=2022-11-13T00:00:00+00:00
[2022-11-13T00:48:03.213+0000] {processor.py:176} INFO - Processing /home/airflow/.local/lib/python3.7/site-packages/airflow/example_dags/example_bash_operator.py took 0.202 seconds
[2022-11-13T00:48:33.677+0000] {processor.py:154} INFO - Started process (PID=709) to work on /home/airflow/.local/lib/python3.7/site-packages/airflow/example_dags/example_bash_operator.py
[2022-11-13T00:48:33.679+0000] {processor.py:756} INFO - Processing file /home/airflow/.local/lib/python3.7/site-packages/airflow/example_dags/example_bash_operator.py for tasks to queue
[2022-11-13T00:48:33.681+0000] {logging_mixin.py:120} INFO - [2022-11-13T00:48:33.681+0000] {dagbag.py:537} INFO - Filling up the DagBag from /home/airflow/.local/lib/python3.7/site-packages/airflow/example_dags/example_bash_operator.py
[2022-11-13T00:48:33.713+0000] {processor.py:766} INFO - DAG(s) dict_keys(['example_bash_operator']) retrieved from /home/airflow/.local/lib/python3.7/site-packages/airflow/example_dags/example_bash_operator.py
[2022-11-13T00:48:33.779+0000] {logging_mixin.py:120} INFO - [2022-11-13T00:48:33.779+0000] {dag.py:2585} INFO - Sync 1 DAGs
[2022-11-13T00:48:33.817+0000] {logging_mixin.py:120} INFO - [2022-11-13T00:48:33.817+0000] {dag.py:3340} INFO - Setting next_dagrun for example_bash_operator to 2022-11-12T00:00:00+00:00, run_after=2022-11-13T00:00:00+00:00
[2022-11-13T00:48:33.843+0000] {processor.py:176} INFO - Processing /home/airflow/.local/lib/python3.7/site-packages/airflow/example_dags/example_bash_operator.py took 0.170 seconds
