[2022-11-13T00:47:29.459+0000] {processor.py:154} INFO - Started process (PID=194) to work on /home/airflow/.local/lib/python3.7/site-packages/airflow/example_dags/example_latest_only_with_trigger.py
[2022-11-13T00:47:29.460+0000] {processor.py:756} INFO - Processing file /home/airflow/.local/lib/python3.7/site-packages/airflow/example_dags/example_latest_only_with_trigger.py for tasks to queue
[2022-11-13T00:47:29.462+0000] {logging_mixin.py:120} INFO - [2022-11-13T00:47:29.462+0000] {dagbag.py:537} INFO - Filling up the DagBag from /home/airflow/.local/lib/python3.7/site-packages/airflow/example_dags/example_latest_only_with_trigger.py
[2022-11-13T00:47:29.484+0000] {processor.py:766} INFO - DAG(s) dict_keys(['latest_only_with_trigger']) retrieved from /home/airflow/.local/lib/python3.7/site-packages/airflow/example_dags/example_latest_only_with_trigger.py
[2022-11-13T00:47:29.518+0000] {logging_mixin.py:120} INFO - [2022-11-13T00:47:29.518+0000] {dag.py:2585} INFO - Sync 1 DAGs
[2022-11-13T00:47:29.552+0000] {logging_mixin.py:120} INFO - [2022-11-13T00:47:29.552+0000] {dag.py:3340} INFO - Setting next_dagrun for latest_only_with_trigger to 2022-11-12T20:47:29.552043+00:00, run_after=2022-11-13T00:47:29.552043+00:00
[2022-11-13T00:47:29.577+0000] {processor.py:176} INFO - Processing /home/airflow/.local/lib/python3.7/site-packages/airflow/example_dags/example_latest_only_with_trigger.py took 0.122 seconds
[2022-11-13T00:48:00.574+0000] {processor.py:154} INFO - Started process (PID=403) to work on /home/airflow/.local/lib/python3.7/site-packages/airflow/example_dags/example_latest_only_with_trigger.py
[2022-11-13T00:48:00.576+0000] {processor.py:756} INFO - Processing file /home/airflow/.local/lib/python3.7/site-packages/airflow/example_dags/example_latest_only_with_trigger.py for tasks to queue
[2022-11-13T00:48:00.579+0000] {logging_mixin.py:120} INFO - [2022-11-13T00:48:00.578+0000] {dagbag.py:537} INFO - Filling up the DagBag from /home/airflow/.local/lib/python3.7/site-packages/airflow/example_dags/example_latest_only_with_trigger.py
[2022-11-13T00:48:00.607+0000] {processor.py:766} INFO - DAG(s) dict_keys(['latest_only_with_trigger']) retrieved from /home/airflow/.local/lib/python3.7/site-packages/airflow/example_dags/example_latest_only_with_trigger.py
[2022-11-13T00:48:00.689+0000] {logging_mixin.py:120} INFO - [2022-11-13T00:48:00.689+0000] {dag.py:2585} INFO - Sync 1 DAGs
[2022-11-13T00:48:00.738+0000] {logging_mixin.py:120} INFO - [2022-11-13T00:48:00.737+0000] {dag.py:3340} INFO - Setting next_dagrun for latest_only_with_trigger to 2022-11-12T20:48:00.737376+00:00, run_after=2022-11-13T00:48:00.737376+00:00
[2022-11-13T00:48:00.794+0000] {processor.py:176} INFO - Processing /home/airflow/.local/lib/python3.7/site-packages/airflow/example_dags/example_latest_only_with_trigger.py took 0.225 seconds
[2022-11-13T00:48:31.176+0000] {processor.py:154} INFO - Started process (PID=609) to work on /home/airflow/.local/lib/python3.7/site-packages/airflow/example_dags/example_latest_only_with_trigger.py
[2022-11-13T00:48:31.178+0000] {processor.py:756} INFO - Processing file /home/airflow/.local/lib/python3.7/site-packages/airflow/example_dags/example_latest_only_with_trigger.py for tasks to queue
[2022-11-13T00:48:31.180+0000] {logging_mixin.py:120} INFO - [2022-11-13T00:48:31.179+0000] {dagbag.py:537} INFO - Filling up the DagBag from /home/airflow/.local/lib/python3.7/site-packages/airflow/example_dags/example_latest_only_with_trigger.py
[2022-11-13T00:48:31.202+0000] {processor.py:766} INFO - DAG(s) dict_keys(['latest_only_with_trigger']) retrieved from /home/airflow/.local/lib/python3.7/site-packages/airflow/example_dags/example_latest_only_with_trigger.py
[2022-11-13T00:48:31.262+0000] {logging_mixin.py:120} INFO - [2022-11-13T00:48:31.262+0000] {dag.py:2585} INFO - Sync 1 DAGs
[2022-11-13T00:48:31.317+0000] {logging_mixin.py:120} INFO - [2022-11-13T00:48:31.316+0000] {dag.py:3340} INFO - Setting next_dagrun for latest_only_with_trigger to 2022-11-12T20:48:31.316347+00:00, run_after=2022-11-13T00:48:31.316347+00:00
[2022-11-13T00:48:31.363+0000] {processor.py:176} INFO - Processing /home/airflow/.local/lib/python3.7/site-packages/airflow/example_dags/example_latest_only_with_trigger.py took 0.192 seconds
