[2022-11-13T00:47:31.779+0000] {processor.py:154} INFO - Started process (PID=312) to work on /home/airflow/.local/lib/python3.7/site-packages/airflow/example_dags/example_short_circuit_operator.py
[2022-11-13T00:47:31.781+0000] {processor.py:756} INFO - Processing file /home/airflow/.local/lib/python3.7/site-packages/airflow/example_dags/example_short_circuit_operator.py for tasks to queue
[2022-11-13T00:47:31.782+0000] {logging_mixin.py:120} INFO - [2022-11-13T00:47:31.782+0000] {dagbag.py:537} INFO - Filling up the DagBag from /home/airflow/.local/lib/python3.7/site-packages/airflow/example_dags/example_short_circuit_operator.py
[2022-11-13T00:47:31.808+0000] {processor.py:766} INFO - DAG(s) dict_keys(['example_short_circuit_operator']) retrieved from /home/airflow/.local/lib/python3.7/site-packages/airflow/example_dags/example_short_circuit_operator.py
[2022-11-13T00:47:31.848+0000] {logging_mixin.py:120} INFO - [2022-11-13T00:47:31.848+0000] {dag.py:2585} INFO - Sync 1 DAGs
[2022-11-13T00:47:31.892+0000] {logging_mixin.py:120} INFO - [2022-11-13T00:47:31.892+0000] {dag.py:3340} INFO - Setting next_dagrun for example_short_circuit_operator to 2022-11-12T00:47:31.892246+00:00, run_after=2022-11-13T00:47:31.892246+00:00
[2022-11-13T00:47:31.924+0000] {processor.py:176} INFO - Processing /home/airflow/.local/lib/python3.7/site-packages/airflow/example_dags/example_short_circuit_operator.py took 0.149 seconds
[2022-11-13T00:48:03.257+0000] {processor.py:154} INFO - Started process (PID=513) to work on /home/airflow/.local/lib/python3.7/site-packages/airflow/example_dags/example_short_circuit_operator.py
[2022-11-13T00:48:03.259+0000] {processor.py:756} INFO - Processing file /home/airflow/.local/lib/python3.7/site-packages/airflow/example_dags/example_short_circuit_operator.py for tasks to queue
[2022-11-13T00:48:03.260+0000] {logging_mixin.py:120} INFO - [2022-11-13T00:48:03.260+0000] {dagbag.py:537} INFO - Filling up the DagBag from /home/airflow/.local/lib/python3.7/site-packages/airflow/example_dags/example_short_circuit_operator.py
[2022-11-13T00:48:03.286+0000] {processor.py:766} INFO - DAG(s) dict_keys(['example_short_circuit_operator']) retrieved from /home/airflow/.local/lib/python3.7/site-packages/airflow/example_dags/example_short_circuit_operator.py
[2022-11-13T00:48:03.342+0000] {logging_mixin.py:120} INFO - [2022-11-13T00:48:03.342+0000] {dag.py:2585} INFO - Sync 1 DAGs
[2022-11-13T00:48:03.377+0000] {logging_mixin.py:120} INFO - [2022-11-13T00:48:03.377+0000] {dag.py:3340} INFO - Setting next_dagrun for example_short_circuit_operator to 2022-11-12T00:48:03.377121+00:00, run_after=2022-11-13T00:48:03.377121+00:00
[2022-11-13T00:48:03.404+0000] {processor.py:176} INFO - Processing /home/airflow/.local/lib/python3.7/site-packages/airflow/example_dags/example_short_circuit_operator.py took 0.153 seconds
[2022-11-13T00:48:33.882+0000] {processor.py:154} INFO - Started process (PID=721) to work on /home/airflow/.local/lib/python3.7/site-packages/airflow/example_dags/example_short_circuit_operator.py
[2022-11-13T00:48:33.885+0000] {processor.py:756} INFO - Processing file /home/airflow/.local/lib/python3.7/site-packages/airflow/example_dags/example_short_circuit_operator.py for tasks to queue
[2022-11-13T00:48:33.887+0000] {logging_mixin.py:120} INFO - [2022-11-13T00:48:33.886+0000] {dagbag.py:537} INFO - Filling up the DagBag from /home/airflow/.local/lib/python3.7/site-packages/airflow/example_dags/example_short_circuit_operator.py
[2022-11-13T00:48:33.914+0000] {processor.py:766} INFO - DAG(s) dict_keys(['example_short_circuit_operator']) retrieved from /home/airflow/.local/lib/python3.7/site-packages/airflow/example_dags/example_short_circuit_operator.py
[2022-11-13T00:48:33.968+0000] {logging_mixin.py:120} INFO - [2022-11-13T00:48:33.968+0000] {dag.py:2585} INFO - Sync 1 DAGs
[2022-11-13T00:48:33.999+0000] {logging_mixin.py:120} INFO - [2022-11-13T00:48:33.999+0000] {dag.py:3340} INFO - Setting next_dagrun for example_short_circuit_operator to 2022-11-12T00:48:33.999011+00:00, run_after=2022-11-13T00:48:33.999011+00:00
[2022-11-13T00:48:34.024+0000] {processor.py:176} INFO - Processing /home/airflow/.local/lib/python3.7/site-packages/airflow/example_dags/example_short_circuit_operator.py took 0.147 seconds
