[2022-11-13T00:47:29.130+0000] {processor.py:154} INFO - Started process (PID=182) to work on /home/airflow/.local/lib/python3.7/site-packages/airflow/example_dags/example_short_circuit_decorator.py
[2022-11-13T00:47:29.132+0000] {processor.py:756} INFO - Processing file /home/airflow/.local/lib/python3.7/site-packages/airflow/example_dags/example_short_circuit_decorator.py for tasks to queue
[2022-11-13T00:47:29.133+0000] {logging_mixin.py:120} INFO - [2022-11-13T00:47:29.133+0000] {dagbag.py:537} INFO - Filling up the DagBag from /home/airflow/.local/lib/python3.7/site-packages/airflow/example_dags/example_short_circuit_decorator.py
[2022-11-13T00:47:29.168+0000] {processor.py:766} INFO - DAG(s) dict_keys(['example_short_circuit_decorator']) retrieved from /home/airflow/.local/lib/python3.7/site-packages/airflow/example_dags/example_short_circuit_decorator.py
[2022-11-13T00:47:29.200+0000] {logging_mixin.py:120} INFO - [2022-11-13T00:47:29.200+0000] {dag.py:2585} INFO - Sync 1 DAGs
[2022-11-13T00:47:29.229+0000] {logging_mixin.py:120} INFO - [2022-11-13T00:47:29.229+0000] {dag.py:3340} INFO - Setting next_dagrun for example_short_circuit_decorator to 2022-11-12T00:47:29.229147+00:00, run_after=2022-11-13T00:47:29.229147+00:00
[2022-11-13T00:47:29.250+0000] {processor.py:176} INFO - Processing /home/airflow/.local/lib/python3.7/site-packages/airflow/example_dags/example_short_circuit_decorator.py took 0.124 seconds
[2022-11-13T00:48:00.346+0000] {processor.py:154} INFO - Started process (PID=393) to work on /home/airflow/.local/lib/python3.7/site-packages/airflow/example_dags/example_short_circuit_decorator.py
[2022-11-13T00:48:00.348+0000] {processor.py:756} INFO - Processing file /home/airflow/.local/lib/python3.7/site-packages/airflow/example_dags/example_short_circuit_decorator.py for tasks to queue
[2022-11-13T00:48:00.349+0000] {logging_mixin.py:120} INFO - [2022-11-13T00:48:00.349+0000] {dagbag.py:537} INFO - Filling up the DagBag from /home/airflow/.local/lib/python3.7/site-packages/airflow/example_dags/example_short_circuit_decorator.py
[2022-11-13T00:48:00.386+0000] {processor.py:766} INFO - DAG(s) dict_keys(['example_short_circuit_decorator']) retrieved from /home/airflow/.local/lib/python3.7/site-packages/airflow/example_dags/example_short_circuit_decorator.py
[2022-11-13T00:48:00.451+0000] {logging_mixin.py:120} INFO - [2022-11-13T00:48:00.451+0000] {dag.py:2585} INFO - Sync 1 DAGs
[2022-11-13T00:48:00.495+0000] {logging_mixin.py:120} INFO - [2022-11-13T00:48:00.495+0000] {dag.py:3340} INFO - Setting next_dagrun for example_short_circuit_decorator to 2022-11-12T00:48:00.494933+00:00, run_after=2022-11-13T00:48:00.494933+00:00
[2022-11-13T00:48:00.536+0000] {processor.py:176} INFO - Processing /home/airflow/.local/lib/python3.7/site-packages/airflow/example_dags/example_short_circuit_decorator.py took 0.196 seconds
[2022-11-13T00:48:30.925+0000] {processor.py:154} INFO - Started process (PID=599) to work on /home/airflow/.local/lib/python3.7/site-packages/airflow/example_dags/example_short_circuit_decorator.py
[2022-11-13T00:48:30.928+0000] {processor.py:756} INFO - Processing file /home/airflow/.local/lib/python3.7/site-packages/airflow/example_dags/example_short_circuit_decorator.py for tasks to queue
[2022-11-13T00:48:30.931+0000] {logging_mixin.py:120} INFO - [2022-11-13T00:48:30.930+0000] {dagbag.py:537} INFO - Filling up the DagBag from /home/airflow/.local/lib/python3.7/site-packages/airflow/example_dags/example_short_circuit_decorator.py
[2022-11-13T00:48:30.971+0000] {processor.py:766} INFO - DAG(s) dict_keys(['example_short_circuit_decorator']) retrieved from /home/airflow/.local/lib/python3.7/site-packages/airflow/example_dags/example_short_circuit_decorator.py
[2022-11-13T00:48:31.032+0000] {logging_mixin.py:120} INFO - [2022-11-13T00:48:31.032+0000] {dag.py:2585} INFO - Sync 1 DAGs
[2022-11-13T00:48:31.069+0000] {logging_mixin.py:120} INFO - [2022-11-13T00:48:31.069+0000] {dag.py:3340} INFO - Setting next_dagrun for example_short_circuit_decorator to 2022-11-12T00:48:31.069483+00:00, run_after=2022-11-13T00:48:31.069483+00:00
[2022-11-13T00:48:31.100+0000] {processor.py:176} INFO - Processing /home/airflow/.local/lib/python3.7/site-packages/airflow/example_dags/example_short_circuit_decorator.py took 0.180 seconds
