[2022-11-13T00:47:30.475+0000] {processor.py:154} INFO - Started process (PID=250) to work on /home/airflow/.local/lib/python3.7/site-packages/airflow/example_dags/example_branch_labels.py
[2022-11-13T00:47:30.477+0000] {processor.py:756} INFO - Processing file /home/airflow/.local/lib/python3.7/site-packages/airflow/example_dags/example_branch_labels.py for tasks to queue
[2022-11-13T00:47:30.478+0000] {logging_mixin.py:120} INFO - [2022-11-13T00:47:30.478+0000] {dagbag.py:537} INFO - Filling up the DagBag from /home/airflow/.local/lib/python3.7/site-packages/airflow/example_dags/example_branch_labels.py
[2022-11-13T00:47:30.506+0000] {processor.py:766} INFO - DAG(s) dict_keys(['example_branch_labels']) retrieved from /home/airflow/.local/lib/python3.7/site-packages/airflow/example_dags/example_branch_labels.py
[2022-11-13T00:47:30.547+0000] {logging_mixin.py:120} INFO - [2022-11-13T00:47:30.547+0000] {dag.py:2585} INFO - Sync 1 DAGs
[2022-11-13T00:47:30.596+0000] {logging_mixin.py:120} INFO - [2022-11-13T00:47:30.596+0000] {dag.py:3340} INFO - Setting next_dagrun for example_branch_labels to 2022-11-12T00:00:00+00:00, run_after=2022-11-13T00:00:00+00:00
[2022-11-13T00:47:30.629+0000] {processor.py:176} INFO - Processing /home/airflow/.local/lib/python3.7/site-packages/airflow/example_dags/example_branch_labels.py took 0.158 seconds
[2022-11-13T00:48:01.754+0000] {processor.py:154} INFO - Started process (PID=451) to work on /home/airflow/.local/lib/python3.7/site-packages/airflow/example_dags/example_branch_labels.py
[2022-11-13T00:48:01.755+0000] {processor.py:756} INFO - Processing file /home/airflow/.local/lib/python3.7/site-packages/airflow/example_dags/example_branch_labels.py for tasks to queue
[2022-11-13T00:48:01.757+0000] {logging_mixin.py:120} INFO - [2022-11-13T00:48:01.757+0000] {dagbag.py:537} INFO - Filling up the DagBag from /home/airflow/.local/lib/python3.7/site-packages/airflow/example_dags/example_branch_labels.py
[2022-11-13T00:48:01.779+0000] {processor.py:766} INFO - DAG(s) dict_keys(['example_branch_labels']) retrieved from /home/airflow/.local/lib/python3.7/site-packages/airflow/example_dags/example_branch_labels.py
[2022-11-13T00:48:01.839+0000] {logging_mixin.py:120} INFO - [2022-11-13T00:48:01.838+0000] {dag.py:2585} INFO - Sync 1 DAGs
[2022-11-13T00:48:01.882+0000] {logging_mixin.py:120} INFO - [2022-11-13T00:48:01.882+0000] {dag.py:3340} INFO - Setting next_dagrun for example_branch_labels to 2022-11-12T00:00:00+00:00, run_after=2022-11-13T00:00:00+00:00
[2022-11-13T00:48:01.913+0000] {processor.py:176} INFO - Processing /home/airflow/.local/lib/python3.7/site-packages/airflow/example_dags/example_branch_labels.py took 0.164 seconds
[2022-11-13T00:48:32.532+0000] {processor.py:154} INFO - Started process (PID=659) to work on /home/airflow/.local/lib/python3.7/site-packages/airflow/example_dags/example_branch_labels.py
[2022-11-13T00:48:32.535+0000] {processor.py:756} INFO - Processing file /home/airflow/.local/lib/python3.7/site-packages/airflow/example_dags/example_branch_labels.py for tasks to queue
[2022-11-13T00:48:32.537+0000] {logging_mixin.py:120} INFO - [2022-11-13T00:48:32.536+0000] {dagbag.py:537} INFO - Filling up the DagBag from /home/airflow/.local/lib/python3.7/site-packages/airflow/example_dags/example_branch_labels.py
[2022-11-13T00:48:32.559+0000] {processor.py:766} INFO - DAG(s) dict_keys(['example_branch_labels']) retrieved from /home/airflow/.local/lib/python3.7/site-packages/airflow/example_dags/example_branch_labels.py
[2022-11-13T00:48:32.619+0000] {logging_mixin.py:120} INFO - [2022-11-13T00:48:32.618+0000] {dag.py:2585} INFO - Sync 1 DAGs
[2022-11-13T00:48:32.653+0000] {logging_mixin.py:120} INFO - [2022-11-13T00:48:32.653+0000] {dag.py:3340} INFO - Setting next_dagrun for example_branch_labels to 2022-11-12T00:00:00+00:00, run_after=2022-11-13T00:00:00+00:00
[2022-11-13T00:48:32.681+0000] {processor.py:176} INFO - Processing /home/airflow/.local/lib/python3.7/site-packages/airflow/example_dags/example_branch_labels.py took 0.154 seconds
