[2022-11-13T00:47:28.946+0000] {processor.py:154} INFO - Started process (PID=171) to work on /home/airflow/.local/lib/python3.7/site-packages/airflow/example_dags/example_complex.py
[2022-11-13T00:47:28.948+0000] {processor.py:756} INFO - Processing file /home/airflow/.local/lib/python3.7/site-packages/airflow/example_dags/example_complex.py for tasks to queue
[2022-11-13T00:47:28.949+0000] {logging_mixin.py:120} INFO - [2022-11-13T00:47:28.949+0000] {dagbag.py:537} INFO - Filling up the DagBag from /home/airflow/.local/lib/python3.7/site-packages/airflow/example_dags/example_complex.py
[2022-11-13T00:47:28.971+0000] {logging_mixin.py:120} INFO - [2022-11-13T00:47:28.970+0000] {taskmixin.py:205} WARNING - Dependency <Task(BashOperator): create_entry_group>, delete_entry_group already registered for DAG: example_complex
[2022-11-13T00:47:28.972+0000] {logging_mixin.py:120} INFO - [2022-11-13T00:47:28.972+0000] {taskmixin.py:205} WARNING - Dependency <Task(BashOperator): delete_entry_group>, create_entry_group already registered for DAG: example_complex
[2022-11-13T00:47:28.973+0000] {logging_mixin.py:120} INFO - [2022-11-13T00:47:28.973+0000] {taskmixin.py:205} WARNING - Dependency <Task(BashOperator): create_entry_gcs>, delete_entry already registered for DAG: example_complex
[2022-11-13T00:47:28.974+0000] {logging_mixin.py:120} INFO - [2022-11-13T00:47:28.974+0000] {taskmixin.py:205} WARNING - Dependency <Task(BashOperator): delete_entry>, create_entry_gcs already registered for DAG: example_complex
[2022-11-13T00:47:28.975+0000] {logging_mixin.py:120} INFO - [2022-11-13T00:47:28.975+0000] {taskmixin.py:205} WARNING - Dependency <Task(BashOperator): create_tag>, delete_tag already registered for DAG: example_complex
[2022-11-13T00:47:28.975+0000] {logging_mixin.py:120} INFO - [2022-11-13T00:47:28.975+0000] {taskmixin.py:205} WARNING - Dependency <Task(BashOperator): delete_tag>, create_tag already registered for DAG: example_complex
[2022-11-13T00:47:28.999+0000] {processor.py:766} INFO - DAG(s) dict_keys(['example_complex']) retrieved from /home/airflow/.local/lib/python3.7/site-packages/airflow/example_dags/example_complex.py
[2022-11-13T00:47:29.030+0000] {logging_mixin.py:120} INFO - [2022-11-13T00:47:29.030+0000] {dag.py:2585} INFO - Sync 1 DAGs
[2022-11-13T00:47:29.060+0000] {logging_mixin.py:120} INFO - [2022-11-13T00:47:29.059+0000] {dag.py:3340} INFO - Setting next_dagrun for example_complex to None, run_after=None
[2022-11-13T00:47:29.083+0000] {processor.py:176} INFO - Processing /home/airflow/.local/lib/python3.7/site-packages/airflow/example_dags/example_complex.py took 0.139 seconds
[2022-11-13T00:47:59.825+0000] {processor.py:154} INFO - Started process (PID=381) to work on /home/airflow/.local/lib/python3.7/site-packages/airflow/example_dags/example_complex.py
[2022-11-13T00:47:59.827+0000] {processor.py:756} INFO - Processing file /home/airflow/.local/lib/python3.7/site-packages/airflow/example_dags/example_complex.py for tasks to queue
[2022-11-13T00:47:59.828+0000] {logging_mixin.py:120} INFO - [2022-11-13T00:47:59.828+0000] {dagbag.py:537} INFO - Filling up the DagBag from /home/airflow/.local/lib/python3.7/site-packages/airflow/example_dags/example_complex.py
[2022-11-13T00:47:59.847+0000] {logging_mixin.py:120} INFO - [2022-11-13T00:47:59.846+0000] {taskmixin.py:205} WARNING - Dependency <Task(BashOperator): create_entry_group>, delete_entry_group already registered for DAG: example_complex
[2022-11-13T00:47:59.848+0000] {logging_mixin.py:120} INFO - [2022-11-13T00:47:59.848+0000] {taskmixin.py:205} WARNING - Dependency <Task(BashOperator): delete_entry_group>, create_entry_group already registered for DAG: example_complex
[2022-11-13T00:47:59.849+0000] {logging_mixin.py:120} INFO - [2022-11-13T00:47:59.849+0000] {taskmixin.py:205} WARNING - Dependency <Task(BashOperator): create_entry_gcs>, delete_entry already registered for DAG: example_complex
[2022-11-13T00:47:59.850+0000] {logging_mixin.py:120} INFO - [2022-11-13T00:47:59.850+0000] {taskmixin.py:205} WARNING - Dependency <Task(BashOperator): delete_entry>, create_entry_gcs already registered for DAG: example_complex
[2022-11-13T00:47:59.852+0000] {logging_mixin.py:120} INFO - [2022-11-13T00:47:59.852+0000] {taskmixin.py:205} WARNING - Dependency <Task(BashOperator): create_tag>, delete_tag already registered for DAG: example_complex
[2022-11-13T00:47:59.853+0000] {logging_mixin.py:120} INFO - [2022-11-13T00:47:59.853+0000] {taskmixin.py:205} WARNING - Dependency <Task(BashOperator): delete_tag>, create_tag already registered for DAG: example_complex
[2022-11-13T00:47:59.864+0000] {processor.py:766} INFO - DAG(s) dict_keys(['example_complex']) retrieved from /home/airflow/.local/lib/python3.7/site-packages/airflow/example_dags/example_complex.py
[2022-11-13T00:47:59.944+0000] {logging_mixin.py:120} INFO - [2022-11-13T00:47:59.944+0000] {dag.py:2585} INFO - Sync 1 DAGs
[2022-11-13T00:47:59.985+0000] {logging_mixin.py:120} INFO - [2022-11-13T00:47:59.985+0000] {dag.py:3340} INFO - Setting next_dagrun for example_complex to None, run_after=None
[2022-11-13T00:48:00.015+0000] {processor.py:176} INFO - Processing /home/airflow/.local/lib/python3.7/site-packages/airflow/example_dags/example_complex.py took 0.196 seconds
[2022-11-13T00:48:30.684+0000] {processor.py:154} INFO - Started process (PID=589) to work on /home/airflow/.local/lib/python3.7/site-packages/airflow/example_dags/example_complex.py
[2022-11-13T00:48:30.686+0000] {processor.py:756} INFO - Processing file /home/airflow/.local/lib/python3.7/site-packages/airflow/example_dags/example_complex.py for tasks to queue
[2022-11-13T00:48:30.687+0000] {logging_mixin.py:120} INFO - [2022-11-13T00:48:30.687+0000] {dagbag.py:537} INFO - Filling up the DagBag from /home/airflow/.local/lib/python3.7/site-packages/airflow/example_dags/example_complex.py
[2022-11-13T00:48:30.708+0000] {logging_mixin.py:120} INFO - [2022-11-13T00:48:30.707+0000] {taskmixin.py:205} WARNING - Dependency <Task(BashOperator): create_entry_group>, delete_entry_group already registered for DAG: example_complex
[2022-11-13T00:48:30.709+0000] {logging_mixin.py:120} INFO - [2022-11-13T00:48:30.708+0000] {taskmixin.py:205} WARNING - Dependency <Task(BashOperator): delete_entry_group>, create_entry_group already registered for DAG: example_complex
[2022-11-13T00:48:30.710+0000] {logging_mixin.py:120} INFO - [2022-11-13T00:48:30.710+0000] {taskmixin.py:205} WARNING - Dependency <Task(BashOperator): create_entry_gcs>, delete_entry already registered for DAG: example_complex
[2022-11-13T00:48:30.711+0000] {logging_mixin.py:120} INFO - [2022-11-13T00:48:30.711+0000] {taskmixin.py:205} WARNING - Dependency <Task(BashOperator): delete_entry>, create_entry_gcs already registered for DAG: example_complex
[2022-11-13T00:48:30.713+0000] {logging_mixin.py:120} INFO - [2022-11-13T00:48:30.713+0000] {taskmixin.py:205} WARNING - Dependency <Task(BashOperator): create_tag>, delete_tag already registered for DAG: example_complex
[2022-11-13T00:48:30.714+0000] {logging_mixin.py:120} INFO - [2022-11-13T00:48:30.714+0000] {taskmixin.py:205} WARNING - Dependency <Task(BashOperator): delete_tag>, create_tag already registered for DAG: example_complex
[2022-11-13T00:48:30.726+0000] {processor.py:766} INFO - DAG(s) dict_keys(['example_complex']) retrieved from /home/airflow/.local/lib/python3.7/site-packages/airflow/example_dags/example_complex.py
[2022-11-13T00:48:30.797+0000] {logging_mixin.py:120} INFO - [2022-11-13T00:48:30.796+0000] {dag.py:2585} INFO - Sync 1 DAGs
[2022-11-13T00:48:30.843+0000] {logging_mixin.py:120} INFO - [2022-11-13T00:48:30.843+0000] {dag.py:3340} INFO - Setting next_dagrun for example_complex to None, run_after=None
[2022-11-13T00:48:30.882+0000] {processor.py:176} INFO - Processing /home/airflow/.local/lib/python3.7/site-packages/airflow/example_dags/example_complex.py took 0.202 seconds
