[2022-11-13T00:47:30.269+0000] {processor.py:154} INFO - Started process (PID=240) to work on /home/airflow/.local/lib/python3.7/site-packages/airflow/example_dags/example_xcomargs.py
[2022-11-13T00:47:30.274+0000] {processor.py:756} INFO - Processing file /home/airflow/.local/lib/python3.7/site-packages/airflow/example_dags/example_xcomargs.py for tasks to queue
[2022-11-13T00:47:30.276+0000] {logging_mixin.py:120} INFO - [2022-11-13T00:47:30.276+0000] {dagbag.py:537} INFO - Filling up the DagBag from /home/airflow/.local/lib/python3.7/site-packages/airflow/example_dags/example_xcomargs.py
[2022-11-13T00:47:30.321+0000] {processor.py:766} INFO - DAG(s) dict_keys(['example_xcom_args', 'example_xcom_args_with_operators']) retrieved from /home/airflow/.local/lib/python3.7/site-packages/airflow/example_dags/example_xcomargs.py
[2022-11-13T00:47:30.370+0000] {logging_mixin.py:120} INFO - [2022-11-13T00:47:30.370+0000] {dag.py:2585} INFO - Sync 2 DAGs
[2022-11-13T00:47:30.407+0000] {logging_mixin.py:120} INFO - [2022-11-13T00:47:30.407+0000] {dag.py:3340} INFO - Setting next_dagrun for example_xcom_args to None, run_after=None
[2022-11-13T00:47:30.412+0000] {logging_mixin.py:120} INFO - [2022-11-13T00:47:30.412+0000] {dag.py:3340} INFO - Setting next_dagrun for example_xcom_args_with_operators to None, run_after=None
[2022-11-13T00:47:30.436+0000] {processor.py:176} INFO - Processing /home/airflow/.local/lib/python3.7/site-packages/airflow/example_dags/example_xcomargs.py took 0.173 seconds
[2022-11-13T00:48:01.529+0000] {processor.py:154} INFO - Started process (PID=441) to work on /home/airflow/.local/lib/python3.7/site-packages/airflow/example_dags/example_xcomargs.py
[2022-11-13T00:48:01.532+0000] {processor.py:756} INFO - Processing file /home/airflow/.local/lib/python3.7/site-packages/airflow/example_dags/example_xcomargs.py for tasks to queue
[2022-11-13T00:48:01.534+0000] {logging_mixin.py:120} INFO - [2022-11-13T00:48:01.534+0000] {dagbag.py:537} INFO - Filling up the DagBag from /home/airflow/.local/lib/python3.7/site-packages/airflow/example_dags/example_xcomargs.py
[2022-11-13T00:48:01.571+0000] {processor.py:766} INFO - DAG(s) dict_keys(['example_xcom_args', 'example_xcom_args_with_operators']) retrieved from /home/airflow/.local/lib/python3.7/site-packages/airflow/example_dags/example_xcomargs.py
[2022-11-13T00:48:01.640+0000] {logging_mixin.py:120} INFO - [2022-11-13T00:48:01.640+0000] {dag.py:2585} INFO - Sync 2 DAGs
[2022-11-13T00:48:01.677+0000] {logging_mixin.py:120} INFO - [2022-11-13T00:48:01.677+0000] {dag.py:3340} INFO - Setting next_dagrun for example_xcom_args to None, run_after=None
[2022-11-13T00:48:01.684+0000] {logging_mixin.py:120} INFO - [2022-11-13T00:48:01.683+0000] {dag.py:3340} INFO - Setting next_dagrun for example_xcom_args_with_operators to None, run_after=None
[2022-11-13T00:48:01.713+0000] {processor.py:176} INFO - Processing /home/airflow/.local/lib/python3.7/site-packages/airflow/example_dags/example_xcomargs.py took 0.190 seconds
[2022-11-13T00:48:32.329+0000] {processor.py:154} INFO - Started process (PID=649) to work on /home/airflow/.local/lib/python3.7/site-packages/airflow/example_dags/example_xcomargs.py
[2022-11-13T00:48:32.331+0000] {processor.py:756} INFO - Processing file /home/airflow/.local/lib/python3.7/site-packages/airflow/example_dags/example_xcomargs.py for tasks to queue
[2022-11-13T00:48:32.332+0000] {logging_mixin.py:120} INFO - [2022-11-13T00:48:32.332+0000] {dagbag.py:537} INFO - Filling up the DagBag from /home/airflow/.local/lib/python3.7/site-packages/airflow/example_dags/example_xcomargs.py
[2022-11-13T00:48:32.362+0000] {processor.py:766} INFO - DAG(s) dict_keys(['example_xcom_args_with_operators', 'example_xcom_args']) retrieved from /home/airflow/.local/lib/python3.7/site-packages/airflow/example_dags/example_xcomargs.py
[2022-11-13T00:48:32.415+0000] {logging_mixin.py:120} INFO - [2022-11-13T00:48:32.415+0000] {dag.py:2585} INFO - Sync 2 DAGs
[2022-11-13T00:48:32.448+0000] {logging_mixin.py:120} INFO - [2022-11-13T00:48:32.448+0000] {dag.py:3340} INFO - Setting next_dagrun for example_xcom_args to None, run_after=None
[2022-11-13T00:48:32.454+0000] {logging_mixin.py:120} INFO - [2022-11-13T00:48:32.454+0000] {dag.py:3340} INFO - Setting next_dagrun for example_xcom_args_with_operators to None, run_after=None
[2022-11-13T00:48:32.483+0000] {processor.py:176} INFO - Processing /home/airflow/.local/lib/python3.7/site-packages/airflow/example_dags/example_xcomargs.py took 0.158 seconds
