[2022-11-13T00:47:29.123+0000] {processor.py:154} INFO - Started process (PID=179) to work on /home/airflow/.local/lib/python3.7/site-packages/airflow/example_dags/example_dag_decorator.py
[2022-11-13T00:47:29.125+0000] {processor.py:756} INFO - Processing file /home/airflow/.local/lib/python3.7/site-packages/airflow/example_dags/example_dag_decorator.py for tasks to queue
[2022-11-13T00:47:29.126+0000] {logging_mixin.py:120} INFO - [2022-11-13T00:47:29.126+0000] {dagbag.py:537} INFO - Filling up the DagBag from /home/airflow/.local/lib/python3.7/site-packages/airflow/example_dags/example_dag_decorator.py
[2022-11-13T00:47:29.151+0000] {logging_mixin.py:120} INFO - [2022-11-13T00:47:29.150+0000] {taskmixin.py:205} WARNING - Dependency <Task(_PythonDecoratedOperator): prepare_email>, send_email already registered for DAG: example_dag_decorator
[2022-11-13T00:47:29.152+0000] {logging_mixin.py:120} INFO - [2022-11-13T00:47:29.152+0000] {taskmixin.py:205} WARNING - Dependency <Task(EmailOperator): send_email>, prepare_email already registered for DAG: example_dag_decorator
[2022-11-13T00:47:29.174+0000] {processor.py:766} INFO - DAG(s) dict_keys(['example_dag_decorator']) retrieved from /home/airflow/.local/lib/python3.7/site-packages/airflow/example_dags/example_dag_decorator.py
[2022-11-13T00:47:29.202+0000] {logging_mixin.py:120} INFO - [2022-11-13T00:47:29.202+0000] {dag.py:2585} INFO - Sync 1 DAGs
[2022-11-13T00:47:29.230+0000] {logging_mixin.py:120} INFO - [2022-11-13T00:47:29.229+0000] {dag.py:3340} INFO - Setting next_dagrun for example_dag_decorator to None, run_after=None
[2022-11-13T00:47:29.250+0000] {processor.py:176} INFO - Processing /home/airflow/.local/lib/python3.7/site-packages/airflow/example_dags/example_dag_decorator.py took 0.132 seconds
[2022-11-13T00:48:00.053+0000] {processor.py:154} INFO - Started process (PID=388) to work on /home/airflow/.local/lib/python3.7/site-packages/airflow/example_dags/example_dag_decorator.py
[2022-11-13T00:48:00.055+0000] {processor.py:756} INFO - Processing file /home/airflow/.local/lib/python3.7/site-packages/airflow/example_dags/example_dag_decorator.py for tasks to queue
[2022-11-13T00:48:00.057+0000] {logging_mixin.py:120} INFO - [2022-11-13T00:48:00.057+0000] {dagbag.py:537} INFO - Filling up the DagBag from /home/airflow/.local/lib/python3.7/site-packages/airflow/example_dags/example_dag_decorator.py
[2022-11-13T00:48:00.081+0000] {logging_mixin.py:120} INFO - [2022-11-13T00:48:00.080+0000] {taskmixin.py:205} WARNING - Dependency <Task(_PythonDecoratedOperator): prepare_email>, send_email already registered for DAG: example_dag_decorator
[2022-11-13T00:48:00.082+0000] {logging_mixin.py:120} INFO - [2022-11-13T00:48:00.082+0000] {taskmixin.py:205} WARNING - Dependency <Task(EmailOperator): send_email>, prepare_email already registered for DAG: example_dag_decorator
[2022-11-13T00:48:00.102+0000] {processor.py:766} INFO - DAG(s) dict_keys(['example_dag_decorator']) retrieved from /home/airflow/.local/lib/python3.7/site-packages/airflow/example_dags/example_dag_decorator.py
[2022-11-13T00:48:00.226+0000] {logging_mixin.py:120} INFO - [2022-11-13T00:48:00.226+0000] {dag.py:2585} INFO - Sync 1 DAGs
[2022-11-13T00:48:00.264+0000] {logging_mixin.py:120} INFO - [2022-11-13T00:48:00.264+0000] {dag.py:3340} INFO - Setting next_dagrun for example_dag_decorator to None, run_after=None
[2022-11-13T00:48:00.299+0000] {processor.py:176} INFO - Processing /home/airflow/.local/lib/python3.7/site-packages/airflow/example_dags/example_dag_decorator.py took 0.250 seconds
[2022-11-13T00:48:30.874+0000] {processor.py:154} INFO - Started process (PID=594) to work on /home/airflow/.local/lib/python3.7/site-packages/airflow/example_dags/example_dag_decorator.py
[2022-11-13T00:48:30.876+0000] {processor.py:756} INFO - Processing file /home/airflow/.local/lib/python3.7/site-packages/airflow/example_dags/example_dag_decorator.py for tasks to queue
[2022-11-13T00:48:30.880+0000] {logging_mixin.py:120} INFO - [2022-11-13T00:48:30.879+0000] {dagbag.py:537} INFO - Filling up the DagBag from /home/airflow/.local/lib/python3.7/site-packages/airflow/example_dags/example_dag_decorator.py
[2022-11-13T00:48:30.908+0000] {logging_mixin.py:120} INFO - [2022-11-13T00:48:30.908+0000] {taskmixin.py:205} WARNING - Dependency <Task(_PythonDecoratedOperator): prepare_email>, send_email already registered for DAG: example_dag_decorator
[2022-11-13T00:48:30.909+0000] {logging_mixin.py:120} INFO - [2022-11-13T00:48:30.909+0000] {taskmixin.py:205} WARNING - Dependency <Task(EmailOperator): send_email>, prepare_email already registered for DAG: example_dag_decorator
[2022-11-13T00:48:30.933+0000] {processor.py:766} INFO - DAG(s) dict_keys(['example_dag_decorator']) retrieved from /home/airflow/.local/lib/python3.7/site-packages/airflow/example_dags/example_dag_decorator.py
[2022-11-13T00:48:31.060+0000] {logging_mixin.py:120} INFO - [2022-11-13T00:48:31.060+0000] {dag.py:2585} INFO - Sync 1 DAGs
[2022-11-13T00:48:31.096+0000] {logging_mixin.py:120} INFO - [2022-11-13T00:48:31.096+0000] {dag.py:3340} INFO - Setting next_dagrun for example_dag_decorator to None, run_after=None
[2022-11-13T00:48:31.127+0000] {processor.py:176} INFO - Processing /home/airflow/.local/lib/python3.7/site-packages/airflow/example_dags/example_dag_decorator.py took 0.259 seconds
