[2022-11-13T00:47:30.003+0000] {processor.py:154} INFO - Started process (PID=224) to work on /home/airflow/.local/lib/python3.7/site-packages/airflow/example_dags/example_task_group.py
[2022-11-13T00:47:30.004+0000] {processor.py:756} INFO - Processing file /home/airflow/.local/lib/python3.7/site-packages/airflow/example_dags/example_task_group.py for tasks to queue
[2022-11-13T00:47:30.006+0000] {logging_mixin.py:120} INFO - [2022-11-13T00:47:30.005+0000] {dagbag.py:537} INFO - Filling up the DagBag from /home/airflow/.local/lib/python3.7/site-packages/airflow/example_dags/example_task_group.py
[2022-11-13T00:47:30.046+0000] {processor.py:766} INFO - DAG(s) dict_keys(['example_task_group']) retrieved from /home/airflow/.local/lib/python3.7/site-packages/airflow/example_dags/example_task_group.py
[2022-11-13T00:47:30.111+0000] {logging_mixin.py:120} INFO - [2022-11-13T00:47:30.110+0000] {dag.py:2585} INFO - Sync 1 DAGs
[2022-11-13T00:47:30.158+0000] {logging_mixin.py:120} INFO - [2022-11-13T00:47:30.158+0000] {dag.py:3340} INFO - Setting next_dagrun for example_task_group to 2022-11-12T00:47:30.158171+00:00, run_after=2022-11-13T00:47:30.158171+00:00
[2022-11-13T00:47:30.201+0000] {processor.py:176} INFO - Processing /home/airflow/.local/lib/python3.7/site-packages/airflow/example_dags/example_task_group.py took 0.203 seconds
[2022-11-13T00:48:01.320+0000] {processor.py:154} INFO - Started process (PID=431) to work on /home/airflow/.local/lib/python3.7/site-packages/airflow/example_dags/example_task_group.py
[2022-11-13T00:48:01.323+0000] {processor.py:756} INFO - Processing file /home/airflow/.local/lib/python3.7/site-packages/airflow/example_dags/example_task_group.py for tasks to queue
[2022-11-13T00:48:01.325+0000] {logging_mixin.py:120} INFO - [2022-11-13T00:48:01.325+0000] {dagbag.py:537} INFO - Filling up the DagBag from /home/airflow/.local/lib/python3.7/site-packages/airflow/example_dags/example_task_group.py
[2022-11-13T00:48:01.355+0000] {processor.py:766} INFO - DAG(s) dict_keys(['example_task_group']) retrieved from /home/airflow/.local/lib/python3.7/site-packages/airflow/example_dags/example_task_group.py
[2022-11-13T00:48:01.417+0000] {logging_mixin.py:120} INFO - [2022-11-13T00:48:01.416+0000] {dag.py:2585} INFO - Sync 1 DAGs
[2022-11-13T00:48:01.456+0000] {logging_mixin.py:120} INFO - [2022-11-13T00:48:01.455+0000] {dag.py:3340} INFO - Setting next_dagrun for example_task_group to 2022-11-12T00:48:01.455576+00:00, run_after=2022-11-13T00:48:01.455576+00:00
[2022-11-13T00:48:01.485+0000] {processor.py:176} INFO - Processing /home/airflow/.local/lib/python3.7/site-packages/airflow/example_dags/example_task_group.py took 0.171 seconds
[2022-11-13T00:48:32.119+0000] {processor.py:154} INFO - Started process (PID=639) to work on /home/airflow/.local/lib/python3.7/site-packages/airflow/example_dags/example_task_group.py
[2022-11-13T00:48:32.121+0000] {processor.py:756} INFO - Processing file /home/airflow/.local/lib/python3.7/site-packages/airflow/example_dags/example_task_group.py for tasks to queue
[2022-11-13T00:48:32.124+0000] {logging_mixin.py:120} INFO - [2022-11-13T00:48:32.123+0000] {dagbag.py:537} INFO - Filling up the DagBag from /home/airflow/.local/lib/python3.7/site-packages/airflow/example_dags/example_task_group.py
[2022-11-13T00:48:32.153+0000] {processor.py:766} INFO - DAG(s) dict_keys(['example_task_group']) retrieved from /home/airflow/.local/lib/python3.7/site-packages/airflow/example_dags/example_task_group.py
[2022-11-13T00:48:32.215+0000] {logging_mixin.py:120} INFO - [2022-11-13T00:48:32.215+0000] {dag.py:2585} INFO - Sync 1 DAGs
[2022-11-13T00:48:32.252+0000] {logging_mixin.py:120} INFO - [2022-11-13T00:48:32.252+0000] {dag.py:3340} INFO - Setting next_dagrun for example_task_group to 2022-11-12T00:48:32.252018+00:00, run_after=2022-11-13T00:48:32.252018+00:00
[2022-11-13T00:48:32.284+0000] {processor.py:176} INFO - Processing /home/airflow/.local/lib/python3.7/site-packages/airflow/example_dags/example_task_group.py took 0.173 seconds
