[2022-11-13T00:47:32.445+0000] {processor.py:154} INFO - Started process (PID=342) to work on /home/airflow/.local/lib/python3.7/site-packages/airflow/example_dags/example_branch_python_dop_operator_3.py
[2022-11-13T00:47:32.446+0000] {processor.py:756} INFO - Processing file /home/airflow/.local/lib/python3.7/site-packages/airflow/example_dags/example_branch_python_dop_operator_3.py for tasks to queue
[2022-11-13T00:47:32.448+0000] {logging_mixin.py:120} INFO - [2022-11-13T00:47:32.448+0000] {dagbag.py:537} INFO - Filling up the DagBag from /home/airflow/.local/lib/python3.7/site-packages/airflow/example_dags/example_branch_python_dop_operator_3.py
[2022-11-13T00:47:32.482+0000] {processor.py:766} INFO - DAG(s) dict_keys(['example_branch_dop_operator_v3']) retrieved from /home/airflow/.local/lib/python3.7/site-packages/airflow/example_dags/example_branch_python_dop_operator_3.py
[2022-11-13T00:47:32.515+0000] {logging_mixin.py:120} INFO - [2022-11-13T00:47:32.515+0000] {dag.py:2585} INFO - Sync 1 DAGs
[2022-11-13T00:47:32.554+0000] {logging_mixin.py:120} INFO - [2022-11-13T00:47:32.554+0000] {dag.py:3340} INFO - Setting next_dagrun for example_branch_dop_operator_v3 to 2022-11-13T00:46:00+00:00, run_after=2022-11-13T00:47:00+00:00
[2022-11-13T00:47:32.584+0000] {processor.py:176} INFO - Processing /home/airflow/.local/lib/python3.7/site-packages/airflow/example_dags/example_branch_python_dop_operator_3.py took 0.143 seconds
[2022-11-13T00:48:04.100+0000] {processor.py:154} INFO - Started process (PID=541) to work on /home/airflow/.local/lib/python3.7/site-packages/airflow/example_dags/example_branch_python_dop_operator_3.py
[2022-11-13T00:48:04.102+0000] {processor.py:756} INFO - Processing file /home/airflow/.local/lib/python3.7/site-packages/airflow/example_dags/example_branch_python_dop_operator_3.py for tasks to queue
[2022-11-13T00:48:04.105+0000] {logging_mixin.py:120} INFO - [2022-11-13T00:48:04.104+0000] {dagbag.py:537} INFO - Filling up the DagBag from /home/airflow/.local/lib/python3.7/site-packages/airflow/example_dags/example_branch_python_dop_operator_3.py
[2022-11-13T00:48:04.144+0000] {processor.py:766} INFO - DAG(s) dict_keys(['example_branch_dop_operator_v3']) retrieved from /home/airflow/.local/lib/python3.7/site-packages/airflow/example_dags/example_branch_python_dop_operator_3.py
[2022-11-13T00:48:04.217+0000] {logging_mixin.py:120} INFO - [2022-11-13T00:48:04.216+0000] {dag.py:2585} INFO - Sync 1 DAGs
[2022-11-13T00:48:04.284+0000] {logging_mixin.py:120} INFO - [2022-11-13T00:48:04.283+0000] {dag.py:3340} INFO - Setting next_dagrun for example_branch_dop_operator_v3 to 2022-11-13T00:47:00+00:00, run_after=2022-11-13T00:48:00+00:00
[2022-11-13T00:48:04.324+0000] {processor.py:176} INFO - Processing /home/airflow/.local/lib/python3.7/site-packages/airflow/example_dags/example_branch_python_dop_operator_3.py took 0.232 seconds
[2022-11-13T00:48:34.782+0000] {processor.py:154} INFO - Started process (PID=749) to work on /home/airflow/.local/lib/python3.7/site-packages/airflow/example_dags/example_branch_python_dop_operator_3.py
[2022-11-13T00:48:34.783+0000] {processor.py:756} INFO - Processing file /home/airflow/.local/lib/python3.7/site-packages/airflow/example_dags/example_branch_python_dop_operator_3.py for tasks to queue
[2022-11-13T00:48:34.784+0000] {logging_mixin.py:120} INFO - [2022-11-13T00:48:34.784+0000] {dagbag.py:537} INFO - Filling up the DagBag from /home/airflow/.local/lib/python3.7/site-packages/airflow/example_dags/example_branch_python_dop_operator_3.py
[2022-11-13T00:48:34.816+0000] {processor.py:766} INFO - DAG(s) dict_keys(['example_branch_dop_operator_v3']) retrieved from /home/airflow/.local/lib/python3.7/site-packages/airflow/example_dags/example_branch_python_dop_operator_3.py
[2022-11-13T00:48:34.870+0000] {logging_mixin.py:120} INFO - [2022-11-13T00:48:34.870+0000] {dag.py:2585} INFO - Sync 1 DAGs
[2022-11-13T00:48:34.905+0000] {logging_mixin.py:120} INFO - [2022-11-13T00:48:34.904+0000] {dag.py:3340} INFO - Setting next_dagrun for example_branch_dop_operator_v3 to 2022-11-13T00:47:00+00:00, run_after=2022-11-13T00:48:00+00:00
[2022-11-13T00:48:34.932+0000] {processor.py:176} INFO - Processing /home/airflow/.local/lib/python3.7/site-packages/airflow/example_dags/example_branch_python_dop_operator_3.py took 0.155 seconds
