[2022-11-13T00:47:30.672+0000] {processor.py:154} INFO - Started process (PID=262) to work on /home/airflow/.local/lib/python3.7/site-packages/airflow/example_dags/example_sla_dag.py
[2022-11-13T00:47:30.673+0000] {processor.py:756} INFO - Processing file /home/airflow/.local/lib/python3.7/site-packages/airflow/example_dags/example_sla_dag.py for tasks to queue
[2022-11-13T00:47:30.675+0000] {logging_mixin.py:120} INFO - [2022-11-13T00:47:30.675+0000] {dagbag.py:537} INFO - Filling up the DagBag from /home/airflow/.local/lib/python3.7/site-packages/airflow/example_dags/example_sla_dag.py
[2022-11-13T00:47:30.713+0000] {processor.py:766} INFO - DAG(s) dict_keys(['example_sla_dag']) retrieved from /home/airflow/.local/lib/python3.7/site-packages/airflow/example_dags/example_sla_dag.py
[2022-11-13T00:47:30.763+0000] {logging_mixin.py:120} INFO - [2022-11-13T00:47:30.762+0000] {dag.py:2585} INFO - Sync 1 DAGs
[2022-11-13T00:47:30.822+0000] {logging_mixin.py:120} INFO - [2022-11-13T00:47:30.822+0000] {dag.py:3340} INFO - Setting next_dagrun for example_sla_dag to 2022-11-13T00:44:00+00:00, run_after=2022-11-13T00:46:00+00:00
[2022-11-13T00:47:30.863+0000] {processor.py:176} INFO - Processing /home/airflow/.local/lib/python3.7/site-packages/airflow/example_dags/example_sla_dag.py took 0.195 seconds
[2022-11-13T00:48:01.963+0000] {processor.py:154} INFO - Started process (PID=461) to work on /home/airflow/.local/lib/python3.7/site-packages/airflow/example_dags/example_sla_dag.py
[2022-11-13T00:48:01.965+0000] {processor.py:756} INFO - Processing file /home/airflow/.local/lib/python3.7/site-packages/airflow/example_dags/example_sla_dag.py for tasks to queue
[2022-11-13T00:48:01.967+0000] {logging_mixin.py:120} INFO - [2022-11-13T00:48:01.967+0000] {dagbag.py:537} INFO - Filling up the DagBag from /home/airflow/.local/lib/python3.7/site-packages/airflow/example_dags/example_sla_dag.py
[2022-11-13T00:48:02.002+0000] {processor.py:766} INFO - DAG(s) dict_keys(['example_sla_dag']) retrieved from /home/airflow/.local/lib/python3.7/site-packages/airflow/example_dags/example_sla_dag.py
[2022-11-13T00:48:02.071+0000] {logging_mixin.py:120} INFO - [2022-11-13T00:48:02.071+0000] {dag.py:2585} INFO - Sync 1 DAGs
[2022-11-13T00:48:02.113+0000] {logging_mixin.py:120} INFO - [2022-11-13T00:48:02.113+0000] {dag.py:3340} INFO - Setting next_dagrun for example_sla_dag to 2022-11-13T00:46:00+00:00, run_after=2022-11-13T00:48:00+00:00
[2022-11-13T00:48:02.148+0000] {processor.py:176} INFO - Processing /home/airflow/.local/lib/python3.7/site-packages/airflow/example_dags/example_sla_dag.py took 0.191 seconds
[2022-11-13T00:48:32.725+0000] {processor.py:154} INFO - Started process (PID=669) to work on /home/airflow/.local/lib/python3.7/site-packages/airflow/example_dags/example_sla_dag.py
[2022-11-13T00:48:32.727+0000] {processor.py:756} INFO - Processing file /home/airflow/.local/lib/python3.7/site-packages/airflow/example_dags/example_sla_dag.py for tasks to queue
[2022-11-13T00:48:32.728+0000] {logging_mixin.py:120} INFO - [2022-11-13T00:48:32.728+0000] {dagbag.py:537} INFO - Filling up the DagBag from /home/airflow/.local/lib/python3.7/site-packages/airflow/example_dags/example_sla_dag.py
[2022-11-13T00:48:32.759+0000] {processor.py:766} INFO - DAG(s) dict_keys(['example_sla_dag']) retrieved from /home/airflow/.local/lib/python3.7/site-packages/airflow/example_dags/example_sla_dag.py
[2022-11-13T00:48:32.818+0000] {logging_mixin.py:120} INFO - [2022-11-13T00:48:32.817+0000] {dag.py:2585} INFO - Sync 1 DAGs
[2022-11-13T00:48:32.870+0000] {logging_mixin.py:120} INFO - [2022-11-13T00:48:32.870+0000] {dag.py:3340} INFO - Setting next_dagrun for example_sla_dag to 2022-11-13T00:46:00+00:00, run_after=2022-11-13T00:48:00+00:00
[2022-11-13T00:48:32.902+0000] {processor.py:176} INFO - Processing /home/airflow/.local/lib/python3.7/site-packages/airflow/example_dags/example_sla_dag.py took 0.181 seconds
