[2022-11-13T00:47:30.916+0000] {processor.py:154} INFO - Started process (PID=272) to work on /home/airflow/.local/lib/python3.7/site-packages/airflow/example_dags/tutorial_dag.py
[2022-11-13T00:47:30.918+0000] {processor.py:756} INFO - Processing file /home/airflow/.local/lib/python3.7/site-packages/airflow/example_dags/tutorial_dag.py for tasks to queue
[2022-11-13T00:47:30.920+0000] {logging_mixin.py:120} INFO - [2022-11-13T00:47:30.920+0000] {dagbag.py:537} INFO - Filling up the DagBag from /home/airflow/.local/lib/python3.7/site-packages/airflow/example_dags/tutorial_dag.py
[2022-11-13T00:47:30.945+0000] {processor.py:766} INFO - DAG(s) dict_keys(['tutorial_dag']) retrieved from /home/airflow/.local/lib/python3.7/site-packages/airflow/example_dags/tutorial_dag.py
[2022-11-13T00:47:30.988+0000] {logging_mixin.py:120} INFO - [2022-11-13T00:47:30.988+0000] {dag.py:2585} INFO - Sync 1 DAGs
[2022-11-13T00:47:31.034+0000] {logging_mixin.py:120} INFO - [2022-11-13T00:47:31.034+0000] {dag.py:3340} INFO - Setting next_dagrun for tutorial_dag to None, run_after=None
[2022-11-13T00:47:31.066+0000] {processor.py:176} INFO - Processing /home/airflow/.local/lib/python3.7/site-packages/airflow/example_dags/tutorial_dag.py took 0.155 seconds
[2022-11-13T00:48:02.202+0000] {processor.py:154} INFO - Started process (PID=471) to work on /home/airflow/.local/lib/python3.7/site-packages/airflow/example_dags/tutorial_dag.py
[2022-11-13T00:48:02.205+0000] {processor.py:756} INFO - Processing file /home/airflow/.local/lib/python3.7/site-packages/airflow/example_dags/tutorial_dag.py for tasks to queue
[2022-11-13T00:48:02.209+0000] {logging_mixin.py:120} INFO - [2022-11-13T00:48:02.209+0000] {dagbag.py:537} INFO - Filling up the DagBag from /home/airflow/.local/lib/python3.7/site-packages/airflow/example_dags/tutorial_dag.py
[2022-11-13T00:48:02.234+0000] {processor.py:766} INFO - DAG(s) dict_keys(['tutorial_dag']) retrieved from /home/airflow/.local/lib/python3.7/site-packages/airflow/example_dags/tutorial_dag.py
[2022-11-13T00:48:02.297+0000] {logging_mixin.py:120} INFO - [2022-11-13T00:48:02.296+0000] {dag.py:2585} INFO - Sync 1 DAGs
[2022-11-13T00:48:02.337+0000] {logging_mixin.py:120} INFO - [2022-11-13T00:48:02.337+0000] {dag.py:3340} INFO - Setting next_dagrun for tutorial_dag to None, run_after=None
[2022-11-13T00:48:02.370+0000] {processor.py:176} INFO - Processing /home/airflow/.local/lib/python3.7/site-packages/airflow/example_dags/tutorial_dag.py took 0.177 seconds
[2022-11-13T00:48:32.947+0000] {processor.py:154} INFO - Started process (PID=679) to work on /home/airflow/.local/lib/python3.7/site-packages/airflow/example_dags/tutorial_dag.py
[2022-11-13T00:48:32.949+0000] {processor.py:756} INFO - Processing file /home/airflow/.local/lib/python3.7/site-packages/airflow/example_dags/tutorial_dag.py for tasks to queue
[2022-11-13T00:48:32.950+0000] {logging_mixin.py:120} INFO - [2022-11-13T00:48:32.950+0000] {dagbag.py:537} INFO - Filling up the DagBag from /home/airflow/.local/lib/python3.7/site-packages/airflow/example_dags/tutorial_dag.py
[2022-11-13T00:48:32.968+0000] {processor.py:766} INFO - DAG(s) dict_keys(['tutorial_dag']) retrieved from /home/airflow/.local/lib/python3.7/site-packages/airflow/example_dags/tutorial_dag.py
[2022-11-13T00:48:33.027+0000] {logging_mixin.py:120} INFO - [2022-11-13T00:48:33.027+0000] {dag.py:2585} INFO - Sync 1 DAGs
[2022-11-13T00:48:33.060+0000] {logging_mixin.py:120} INFO - [2022-11-13T00:48:33.060+0000] {dag.py:3340} INFO - Setting next_dagrun for tutorial_dag to None, run_after=None
[2022-11-13T00:48:33.091+0000] {processor.py:176} INFO - Processing /home/airflow/.local/lib/python3.7/site-packages/airflow/example_dags/tutorial_dag.py took 0.149 seconds
