[2022-11-13T00:47:29.854+0000] {processor.py:154} INFO - Started process (PID=217) to work on /home/airflow/.local/lib/python3.7/site-packages/airflow/example_dags/tutorial.py
[2022-11-13T00:47:29.856+0000] {processor.py:756} INFO - Processing file /home/airflow/.local/lib/python3.7/site-packages/airflow/example_dags/tutorial.py for tasks to queue
[2022-11-13T00:47:29.858+0000] {logging_mixin.py:120} INFO - [2022-11-13T00:47:29.857+0000] {dagbag.py:537} INFO - Filling up the DagBag from /home/airflow/.local/lib/python3.7/site-packages/airflow/example_dags/tutorial.py
[2022-11-13T00:47:29.879+0000] {processor.py:766} INFO - DAG(s) dict_keys(['tutorial']) retrieved from /home/airflow/.local/lib/python3.7/site-packages/airflow/example_dags/tutorial.py
[2022-11-13T00:47:29.912+0000] {logging_mixin.py:120} INFO - [2022-11-13T00:47:29.912+0000] {dag.py:2585} INFO - Sync 1 DAGs
[2022-11-13T00:47:29.946+0000] {logging_mixin.py:120} INFO - [2022-11-13T00:47:29.946+0000] {dag.py:3340} INFO - Setting next_dagrun for tutorial to 2022-11-12T00:47:29.946024+00:00, run_after=2022-11-13T00:47:29.946024+00:00
[2022-11-13T00:47:29.978+0000] {processor.py:176} INFO - Processing /home/airflow/.local/lib/python3.7/site-packages/airflow/example_dags/tutorial.py took 0.128 seconds
[2022-11-13T00:48:01.140+0000] {processor.py:154} INFO - Started process (PID=426) to work on /home/airflow/.local/lib/python3.7/site-packages/airflow/example_dags/tutorial.py
[2022-11-13T00:48:01.143+0000] {processor.py:756} INFO - Processing file /home/airflow/.local/lib/python3.7/site-packages/airflow/example_dags/tutorial.py for tasks to queue
[2022-11-13T00:48:01.144+0000] {logging_mixin.py:120} INFO - [2022-11-13T00:48:01.144+0000] {dagbag.py:537} INFO - Filling up the DagBag from /home/airflow/.local/lib/python3.7/site-packages/airflow/example_dags/tutorial.py
[2022-11-13T00:48:01.169+0000] {processor.py:766} INFO - DAG(s) dict_keys(['tutorial']) retrieved from /home/airflow/.local/lib/python3.7/site-packages/airflow/example_dags/tutorial.py
[2022-11-13T00:48:01.234+0000] {logging_mixin.py:120} INFO - [2022-11-13T00:48:01.234+0000] {dag.py:2585} INFO - Sync 1 DAGs
[2022-11-13T00:48:01.274+0000] {logging_mixin.py:120} INFO - [2022-11-13T00:48:01.274+0000] {dag.py:3340} INFO - Setting next_dagrun for tutorial to 2022-11-12T00:48:01.274521+00:00, run_after=2022-11-13T00:48:01.274521+00:00
[2022-11-13T00:48:01.306+0000] {processor.py:176} INFO - Processing /home/airflow/.local/lib/python3.7/site-packages/airflow/example_dags/tutorial.py took 0.171 seconds
[2022-11-13T00:48:32.009+0000] {processor.py:154} INFO - Started process (PID=634) to work on /home/airflow/.local/lib/python3.7/site-packages/airflow/example_dags/tutorial.py
[2022-11-13T00:48:32.045+0000] {processor.py:756} INFO - Processing file /home/airflow/.local/lib/python3.7/site-packages/airflow/example_dags/tutorial.py for tasks to queue
[2022-11-13T00:48:32.049+0000] {logging_mixin.py:120} INFO - [2022-11-13T00:48:32.049+0000] {dagbag.py:537} INFO - Filling up the DagBag from /home/airflow/.local/lib/python3.7/site-packages/airflow/example_dags/tutorial.py
[2022-11-13T00:48:32.080+0000] {processor.py:766} INFO - DAG(s) dict_keys(['tutorial']) retrieved from /home/airflow/.local/lib/python3.7/site-packages/airflow/example_dags/tutorial.py
[2022-11-13T00:48:32.156+0000] {logging_mixin.py:120} INFO - [2022-11-13T00:48:32.155+0000] {dag.py:2585} INFO - Sync 1 DAGs
[2022-11-13T00:48:32.194+0000] {logging_mixin.py:120} INFO - [2022-11-13T00:48:32.194+0000] {dag.py:3340} INFO - Setting next_dagrun for tutorial to 2022-11-12T00:48:32.193812+00:00, run_after=2022-11-13T00:48:32.193812+00:00
[2022-11-13T00:48:32.222+0000] {processor.py:176} INFO - Processing /home/airflow/.local/lib/python3.7/site-packages/airflow/example_dags/tutorial.py took 0.222 seconds
