[2022-11-15T18:44:20.054+0000] {taskinstance.py:1165} INFO - Dependencies all met for <TaskInstance: dag_with_python_dependencies_v2.get_sklearn manual__2022-11-15T18:44:19.129559+00:00 [queued]>
[2022-11-15T18:44:20.069+0000] {taskinstance.py:1165} INFO - Dependencies all met for <TaskInstance: dag_with_python_dependencies_v2.get_sklearn manual__2022-11-15T18:44:19.129559+00:00 [queued]>
[2022-11-15T18:44:20.070+0000] {taskinstance.py:1362} INFO - 
--------------------------------------------------------------------------------
[2022-11-15T18:44:20.071+0000] {taskinstance.py:1363} INFO - Starting attempt 1 of 6
[2022-11-15T18:44:20.072+0000] {taskinstance.py:1364} INFO - 
--------------------------------------------------------------------------------
[2022-11-15T18:44:20.091+0000] {taskinstance.py:1383} INFO - Executing <Task(PythonOperator): get_sklearn> on 2022-11-15 18:44:19.129559+00:00
[2022-11-15T18:44:20.096+0000] {standard_task_runner.py:55} INFO - Started process 269 to run task
[2022-11-15T18:44:20.101+0000] {standard_task_runner.py:82} INFO - Running: ['airflow', 'tasks', 'run', 'dag_with_python_dependencies_v2', 'get_sklearn', 'manual__2022-11-15T18:44:19.129559+00:00', '--job-id', '12', '--raw', '--subdir', 'DAGS_FOLDER/dag_with_python_dependencies.py', '--cfg-path', '/tmp/tmp8swzkb9a']
[2022-11-15T18:44:20.105+0000] {standard_task_runner.py:83} INFO - Job 12: Subtask get_sklearn
[2022-11-15T18:44:20.188+0000] {task_command.py:376} INFO - Running <TaskInstance: dag_with_python_dependencies_v2.get_sklearn manual__2022-11-15T18:44:19.129559+00:00 [running]> on host 0e683eaf7e7f
[2022-11-15T18:44:20.288+0000] {taskinstance.py:1592} INFO - Exporting the following env vars:
AIRFLOW_CTX_DAG_OWNER=charlie
AIRFLOW_CTX_DAG_ID=dag_with_python_dependencies_v2
AIRFLOW_CTX_TASK_ID=get_sklearn
AIRFLOW_CTX_EXECUTION_DATE=2022-11-15T18:44:19.129559+00:00
AIRFLOW_CTX_TRY_NUMBER=1
AIRFLOW_CTX_DAG_RUN_ID=manual__2022-11-15T18:44:19.129559+00:00
[2022-11-15T18:44:20.888+0000] {logging_mixin.py:120} INFO - scikit learn with version: 0.24.2
[2022-11-15T18:44:20.889+0000] {python.py:177} INFO - Done. Returned value was: None
[2022-11-15T18:44:20.906+0000] {taskinstance.py:1406} INFO - Marking task as SUCCESS. dag_id=dag_with_python_dependencies_v2, task_id=get_sklearn, execution_date=20221115T184419, start_date=20221115T184420, end_date=20221115T184420
[2022-11-15T18:44:20.963+0000] {local_task_job.py:164} INFO - Task exited with return code 0
[2022-11-15T18:44:20.998+0000] {local_task_job.py:273} INFO - 1 downstream tasks scheduled from follow-on schedule check
