[2022-11-15T18:40:46.105+0000] {taskinstance.py:1165} INFO - Dependencies all met for <TaskInstance: dag_with_python_dependencies_v2.get_sklearn scheduled__2022-11-14T00:00:00+00:00 [queued]>
[2022-11-15T18:40:46.122+0000] {taskinstance.py:1165} INFO - Dependencies all met for <TaskInstance: dag_with_python_dependencies_v2.get_sklearn scheduled__2022-11-14T00:00:00+00:00 [queued]>
[2022-11-15T18:40:46.123+0000] {taskinstance.py:1362} INFO - 
--------------------------------------------------------------------------------
[2022-11-15T18:40:46.124+0000] {taskinstance.py:1363} INFO - Starting attempt 1 of 6
[2022-11-15T18:40:46.125+0000] {taskinstance.py:1364} INFO - 
--------------------------------------------------------------------------------
[2022-11-15T18:40:46.146+0000] {taskinstance.py:1383} INFO - Executing <Task(PythonOperator): get_sklearn> on 2022-11-14 00:00:00+00:00
[2022-11-15T18:40:46.151+0000] {standard_task_runner.py:55} INFO - Started process 761 to run task
[2022-11-15T18:40:46.155+0000] {standard_task_runner.py:82} INFO - Running: ['airflow', 'tasks', 'run', 'dag_with_python_dependencies_v2', 'get_sklearn', 'scheduled__2022-11-14T00:00:00+00:00', '--job-id', '6', '--raw', '--subdir', 'DAGS_FOLDER/dag_with_python_dependencies.py', '--cfg-path', '/tmp/tmp1nc4_y3m']
[2022-11-15T18:40:46.159+0000] {standard_task_runner.py:83} INFO - Job 6: Subtask get_sklearn
[2022-11-15T18:40:46.317+0000] {task_command.py:376} INFO - Running <TaskInstance: dag_with_python_dependencies_v2.get_sklearn scheduled__2022-11-14T00:00:00+00:00 [running]> on host 927c3d249f0b
[2022-11-15T18:40:46.430+0000] {taskinstance.py:1592} INFO - Exporting the following env vars:
AIRFLOW_CTX_DAG_OWNER=charlie
AIRFLOW_CTX_DAG_ID=dag_with_python_dependencies_v2
AIRFLOW_CTX_TASK_ID=get_sklearn
AIRFLOW_CTX_EXECUTION_DATE=2022-11-14T00:00:00+00:00
AIRFLOW_CTX_TRY_NUMBER=1
AIRFLOW_CTX_DAG_RUN_ID=scheduled__2022-11-14T00:00:00+00:00
[2022-11-15T18:40:47.264+0000] {logging_mixin.py:120} INFO - scikit learn with version: 0.24.2
[2022-11-15T18:40:47.265+0000] {python.py:177} INFO - Done. Returned value was: None
[2022-11-15T18:40:47.283+0000] {taskinstance.py:1406} INFO - Marking task as SUCCESS. dag_id=dag_with_python_dependencies_v2, task_id=get_sklearn, execution_date=20221114T000000, start_date=20221115T184046, end_date=20221115T184047
[2022-11-15T18:40:47.383+0000] {local_task_job.py:164} INFO - Task exited with return code 0
[2022-11-15T18:40:47.442+0000] {local_task_job.py:273} INFO - 0 downstream tasks scheduled from follow-on schedule check
